TpTrace Verbose: 0 : 5132, 1, 2023/09/07, 11:04:52.554, 1341855042495, vstest.console.dll, Version: 17.7.0-preview-23364-03+bc17bb9693cfc4778ded51aa0ab7f1065433f989 Current process architecture: X64
TpTrace Verbose: 0 : 5132, 1, 2023/09/07, 11:04:52.557, 1341855075930, vstest.console.dll, Runtime location: C:\Program Files\dotnet\shared\Microsoft.NETCore.App\7.0.10
TpTrace Verbose: 0 : 5132, 1, 2023/09/07, 11:04:52.563, 1341855138236, vstest.console.dll, ArtifactProcessingPostProcessModeProcessorExecutor.Initialize: ArtifactProcessingMode.Collect
TpTrace Verbose: 0 : 5132, 1, 2023/09/07, 11:04:52.563, 1341855139772, vstest.console.dll, TestSessionCorrelationIdProcessorModeProcessorExecutor.Initialize: TestSessionCorrelationId '5056_f925de86-6778-41dd-b766-7592e0bc275f'
TpTrace Information: 0 : 5132, 1, 2023/09/07, 11:04:52.580, 1341855304336, vstest.console.dll, FilePatternParser: The given file C:\Users\user\Desktop\ShopCartMultiTreads\ShopCart2.0\ShopCart\TestShoppingCart\bin\Debug\net6.0\fine-code-coverage\build-output\TestShoppingCart.dll is a full path.
TpTrace Verbose: 0 : 5132, 1, 2023/09/07, 11:04:52.593, 1341855435531, vstest.console.dll, TestPluginCache.DiscoverTestExtensions: finding test extensions in assemblies ends with: RuntimeProvider.dll TPluginInfo: Microsoft.VisualStudio.TestPlatform.Common.ExtensionFramework.Utilities.TestRuntimePluginInformation TExtension: Microsoft.VisualStudio.TestPlatform.ObjectModel.Host.ITestRuntimeProvider
TpTrace Verbose: 0 : 5132, 1, 2023/09/07, 11:04:52.594, 1341855441424, vstest.console.dll, TestPluginCache.GetExtensionPaths: Filtered extension paths: 
TpTrace Verbose: 0 : 5132, 1, 2023/09/07, 11:04:52.594, 1341855442689, vstest.console.dll, TestPluginCache.GetExtensionPaths: Added default extension paths: C:\Program Files\dotnet\sdk\7.0.400\Extensions\Microsoft.Diagnostics.NETCore.Client.dll
C:\Program Files\dotnet\sdk\7.0.400\Extensions\Microsoft.TestPlatform.Extensions.BlameDataCollector.dll
C:\Program Files\dotnet\sdk\7.0.400\Extensions\Microsoft.TestPlatform.Extensions.EventLogCollector.dll
C:\Program Files\dotnet\sdk\7.0.400\Extensions\Microsoft.TestPlatform.TestHostRuntimeProvider.dll
C:\Program Files\dotnet\sdk\7.0.400\Extensions\Microsoft.VisualStudio.TestPlatform.Extensions.Html.TestLogger.dll
C:\Program Files\dotnet\sdk\7.0.400\Extensions\Microsoft.VisualStudio.TestPlatform.Extensions.Trx.TestLogger.dll
TpTrace Verbose: 0 : 5132, 1, 2023/09/07, 11:04:52.594, 1341855443122, vstest.console.dll, TestPluginCache.GetExtensionPaths: Added unfilterableExtensionPaths: 
TpTrace Information: 0 : 5132, 1, 2023/09/07, 11:04:52.595, 1341855455000, vstest.console.dll, AssemblyResolver.ctor: Creating AssemblyResolver with searchDirectories C:\Program Files\dotnet\sdk\7.0.400\Extensions,C:\Program Files\dotnet\sdk\7.0.400
TpTrace Verbose: 0 : 5132, 1, 2023/09/07, 11:04:52.597, 1341855472759, vstest.console.dll, TestPluginCache.DiscoverTestExtensions: Discovering the extensions using extension path.
TpTrace Verbose: 0 : 5132, 1, 2023/09/07, 11:04:52.597, 1341855474501, vstest.console.dll, TestPluginCache.GetExtensionPaths: Filtered extension paths: 
TpTrace Verbose: 0 : 5132, 1, 2023/09/07, 11:04:52.597, 1341855475138, vstest.console.dll, TestPluginCache.GetExtensionPaths: Added default extension paths: C:\Program Files\dotnet\sdk\7.0.400\Extensions\Microsoft.Diagnostics.NETCore.Client.dll
C:\Program Files\dotnet\sdk\7.0.400\Extensions\Microsoft.TestPlatform.Extensions.BlameDataCollector.dll
C:\Program Files\dotnet\sdk\7.0.400\Extensions\Microsoft.TestPlatform.Extensions.EventLogCollector.dll
C:\Program Files\dotnet\sdk\7.0.400\Extensions\Microsoft.TestPlatform.TestHostRuntimeProvider.dll
C:\Program Files\dotnet\sdk\7.0.400\Extensions\Microsoft.VisualStudio.TestPlatform.Extensions.Html.TestLogger.dll
C:\Program Files\dotnet\sdk\7.0.400\Extensions\Microsoft.VisualStudio.TestPlatform.Extensions.Trx.TestLogger.dll
TpTrace Verbose: 0 : 5132, 1, 2023/09/07, 11:04:52.597, 1341855475455, vstest.console.dll, TestPluginCache.GetExtensionPaths: Added unfilterableExtensionPaths: 
TpTrace Verbose: 0 : 5132, 1, 2023/09/07, 11:04:52.597, 1341855478443, vstest.console.dll, TestPluginCache.DiscoverTestExtensions: Discovering the extensions using allExtensionPaths: C:\Program Files\dotnet\sdk\7.0.400\Extensions\Microsoft.Diagnostics.NETCore.Client.dll
C:\Program Files\dotnet\sdk\7.0.400\Extensions\Microsoft.TestPlatform.Extensions.BlameDataCollector.dll
C:\Program Files\dotnet\sdk\7.0.400\Extensions\Microsoft.TestPlatform.Extensions.EventLogCollector.dll
C:\Program Files\dotnet\sdk\7.0.400\Extensions\Microsoft.TestPlatform.TestHostRuntimeProvider.dll
C:\Program Files\dotnet\sdk\7.0.400\Extensions\Microsoft.VisualStudio.TestPlatform.Extensions.Html.TestLogger.dll
C:\Program Files\dotnet\sdk\7.0.400\Extensions\Microsoft.VisualStudio.TestPlatform.Extensions.Trx.TestLogger.dll
TpTrace Information: 0 : 5132, 1, 2023/09/07, 11:04:52.598, 1341855480217, vstest.console.dll, AssemblyResolver.AddSearchDirectories: Adding more searchDirectories C:\Program Files\dotnet\sdk\7.0.400\Extensions,C:\Program Files\dotnet\sdk\7.0.400
TpTrace Information: 0 : 5132, 1, 2023/09/07, 11:04:52.598, 1341855480995, vstest.console.dll, AssemblyResolver.AddSearchDirectories: Adding more searchDirectories C:\Program Files\dotnet\sdk\7.0.400\Extensions,C:\Program Files\dotnet\sdk\7.0.400
TpTrace Information: 0 : 5132, 1, 2023/09/07, 11:04:52.598, 1341855481380, vstest.console.dll, AssemblyResolver.AddSearchDirectories: Adding more searchDirectories C:\Program Files\dotnet\sdk\7.0.400\Extensions,C:\Program Files\dotnet\sdk\7.0.400
TpTrace Information: 0 : 5132, 1, 2023/09/07, 11:04:52.598, 1341855481691, vstest.console.dll, AssemblyResolver.AddSearchDirectories: Adding more searchDirectories C:\Program Files\dotnet\sdk\7.0.400\Extensions,C:\Program Files\dotnet\sdk\7.0.400
TpTrace Information: 0 : 5132, 1, 2023/09/07, 11:04:52.598, 1341855482046, vstest.console.dll, AssemblyResolver.AddSearchDirectories: Adding more searchDirectories C:\Program Files\dotnet\sdk\7.0.400\Extensions,C:\Program Files\dotnet\sdk\7.0.400
TpTrace Information: 0 : 5132, 1, 2023/09/07, 11:04:52.598, 1341855482424, vstest.console.dll, AssemblyResolver.AddSearchDirectories: Adding more searchDirectories C:\Program Files\dotnet\sdk\7.0.400\Extensions,C:\Program Files\dotnet\sdk\7.0.400
TpTrace Information: 0 : 5132, 1, 2023/09/07, 11:04:52.598, 1341855487371, vstest.console.dll, AssemblyResolver.OnResolve: Microsoft.Diagnostics.NETCore.Client: Resolving assembly.
TpTrace Information: 0 : 5132, 1, 2023/09/07, 11:04:52.598, 1341855488425, vstest.console.dll, AssemblyResolver.OnResolve: Microsoft.Diagnostics.NETCore.Client: Searching in: 'C:\Program Files\dotnet\sdk\7.0.400\Extensions'.
TpTrace Information: 0 : 5132, 1, 2023/09/07, 11:04:52.615, 1341855652090, vstest.console.dll, AssemblyResolver.OnResolve: Microsoft.Diagnostics.NETCore.Client: Loading assembly 'C:\Program Files\dotnet\sdk\7.0.400\Extensions\Microsoft.Diagnostics.NETCore.Client.dll'.
TpTrace Information: 0 : 5132, 1, 2023/09/07, 11:04:52.617, 1341855676011, vstest.console.dll, AssemblyResolver.OnResolve: Resolved assembly: Microsoft.Diagnostics.NETCore.Client, from path: C:\Program Files\dotnet\sdk\7.0.400\Extensions\Microsoft.Diagnostics.NETCore.Client.dll
TpTrace Verbose: 0 : 5132, 1, 2023/09/07, 11:04:52.619, 1341855691036, vstest.console.dll, MetadataReaderExtensionsHelper: Discovering extensions inside assembly 'Microsoft.Diagnostics.NETCore.Client, Version=0.2.8.21101, Culture=neutral, PublicKeyToken=31bf3856ad364e35' file path 'C:\Program Files\dotnet\sdk\7.0.400\Extensions\Microsoft.Diagnostics.NETCore.Client.dll'
TpTrace Information: 0 : 5132, 1, 2023/09/07, 11:04:52.623, 1341855737720, vstest.console.dll, AssemblyResolver.OnResolve: Microsoft.Bcl.AsyncInterfaces: Resolving assembly.
TpTrace Information: 0 : 5132, 1, 2023/09/07, 11:04:52.623, 1341855738780, vstest.console.dll, AssemblyResolver.OnResolve: Microsoft.Bcl.AsyncInterfaces: Searching in: 'C:\Program Files\dotnet\sdk\7.0.400\Extensions'.
TpTrace Information: 0 : 5132, 1, 2023/09/07, 11:04:52.623, 1341855739651, vstest.console.dll, AssemblyResolver.OnResolve: Microsoft.Bcl.AsyncInterfaces: Assembly path does not exist: 'C:\Program Files\dotnet\sdk\7.0.400\Extensions\Microsoft.Bcl.AsyncInterfaces.dll', returning.
TpTrace Information: 0 : 5132, 1, 2023/09/07, 11:04:52.624, 1341855743048, vstest.console.dll, AssemblyResolver.OnResolve: Microsoft.Bcl.AsyncInterfaces: Assembly path does not exist: 'C:\Program Files\dotnet\sdk\7.0.400\Extensions\Microsoft.Bcl.AsyncInterfaces.exe', returning.
TpTrace Information: 0 : 5132, 1, 2023/09/07, 11:04:52.624, 1341855743632, vstest.console.dll, AssemblyResolver.OnResolve: Microsoft.Bcl.AsyncInterfaces: Searching in: 'C:\Program Files\dotnet\sdk\7.0.400'.
TpTrace Information: 0 : 5132, 1, 2023/09/07, 11:04:52.624, 1341855744287, vstest.console.dll, AssemblyResolver.OnResolve: Microsoft.Bcl.AsyncInterfaces: Assembly path does not exist: 'C:\Program Files\dotnet\sdk\7.0.400\Microsoft.Bcl.AsyncInterfaces.dll', returning.
TpTrace Information: 0 : 5132, 1, 2023/09/07, 11:04:52.624, 1341855744903, vstest.console.dll, AssemblyResolver.OnResolve: Microsoft.Bcl.AsyncInterfaces: Assembly path does not exist: 'C:\Program Files\dotnet\sdk\7.0.400\Microsoft.Bcl.AsyncInterfaces.exe', returning.
TpTrace Information: 0 : 5132, 1, 2023/09/07, 11:04:52.624, 1341855745206, vstest.console.dll, AssemblyResolver.OnResolve: Microsoft.Bcl.AsyncInterfaces: Failed to load assembly.
TpTrace Verbose: 0 : 5132, 1, 2023/09/07, 11:04:52.624, 1341855745628, vstest.console.dll, CurrentDomainAssemblyResolve: Resolving assembly 'Microsoft.Bcl.AsyncInterfaces'.
TpTrace Information: 0 : 5132, 1, 2023/09/07, 11:04:52.624, 1341855746220, vstest.console.dll, AssemblyResolver.OnResolve: Microsoft.Bcl.AsyncInterfaces: Resolving assembly.
TpTrace Information: 0 : 5132, 1, 2023/09/07, 11:04:52.624, 1341855746628, vstest.console.dll, AssemblyResolver.OnResolve: Microsoft.Bcl.AsyncInterfaces: Resolved from cache.
TpTrace Verbose: 0 : 5132, 1, 2023/09/07, 11:04:52.624, 1341855746963, vstest.console.dll, CurrentDomainAssemblyResolve: Resolving assembly 'Microsoft.Bcl.AsyncInterfaces'.
TpTrace Verbose: 0 : 5132, 1, 2023/09/07, 11:04:52.624, 1341855747306, vstest.console.dll, CurrentDomainAssemblyResolve: Failed to resolve assembly 'Microsoft.Bcl.AsyncInterfaces'.
TpTrace Verbose: 0 : 5132, 1, 2023/09/07, 11:04:52.632, 1341855829020, vstest.console.dll, CurrentDomainAssemblyResolve: Failed to resolve assembly 'Microsoft.Bcl.AsyncInterfaces'.
TpTrace Warning: 0 : 5132, 1, 2023/09/07, 11:04:52.652, 1341856025437, vstest.console.dll, TestPluginDiscoverer: Failed to get types from assembly 'Microsoft.Diagnostics.NETCore.Client, Version=0.2.8.21101, Culture=neutral, PublicKeyToken=31bf3856ad364e35'. Error: System.Reflection.ReflectionTypeLoadException: Unable to load one or more of the requested types.
Could not load file or assembly 'Microsoft.Bcl.AsyncInterfaces, Version=1.0.0.0, Culture=neutral, PublicKeyToken=cc7b13ffcd2ddd51'. The system cannot find the file specified.
   at System.Reflection.RuntimeModule.GetTypes(RuntimeModule module)
   at System.Reflection.Assembly.GetTypes()
   at Microsoft.VisualStudio.TestPlatform.Common.ExtensionFramework.TestPluginDiscoverer.GetTestExtensionsFromAssembly[TPluginInfo,TExtension](Assembly assembly, Dictionary`2 pluginInfos, String filePath) in /_/src/Microsoft.TestPlatform.Common/ExtensionFramework/TestPluginDiscoverer.cs:line 158
System.IO.FileNotFoundException: Could not load file or assembly 'Microsoft.Bcl.AsyncInterfaces, Version=1.0.0.0, Culture=neutral, PublicKeyToken=cc7b13ffcd2ddd51'. The system cannot find the file specified.
File name: 'Microsoft.Bcl.AsyncInterfaces, Version=1.0.0.0, Culture=neutral, PublicKeyToken=cc7b13ffcd2ddd51'
 ---> System.IO.FileNotFoundException: Could not load file or assembly 'Microsoft.Bcl.AsyncInterfaces, Culture=neutral, PublicKeyToken=null'. The system cannot find the file specified.
File name: 'Microsoft.Bcl.AsyncInterfaces, Culture=neutral, PublicKeyToken=null'
   at System.Reflection.RuntimeAssembly.InternalLoad(AssemblyName assemblyName, StackCrawlMark& stackMark, AssemblyLoadContext assemblyLoadContext, RuntimeAssembly requestingAssembly, Boolean throwOnFileNotFound)
   at System.Reflection.Assembly.Load(AssemblyName assemblyRef)
   at Microsoft.VisualStudio.TestPlatform.Common.ExtensionFramework.TestPluginCache.CurrentDomainAssemblyResolve(Object sender, AssemblyResolveEventArgs args) in /_/src/Microsoft.TestPlatform.Common/ExtensionFramework/TestPluginCache.cs:line 513
   at System.Runtime.Loader.AssemblyLoadContext.GetFirstResolvedAssemblyFromResolvingEvent(AssemblyName assemblyName)
   at System.Runtime.Loader.AssemblyLoadContext.ResolveUsingEvent(AssemblyName assemblyName)
   at System.Runtime.Loader.AssemblyLoadContext.ResolveUsingResolvingEvent(IntPtr gchManagedAssemblyLoadContext, AssemblyName assemblyName)
TpTrace Warning: 0 : 5132, 1, 2023/09/07, 11:04:52.653, 1341856031998, vstest.console.dll, LoaderExceptions: System.IO.FileNotFoundException: Could not load file or assembly 'Microsoft.Bcl.AsyncInterfaces, Version=1.0.0.0, Culture=neutral, PublicKeyToken=cc7b13ffcd2ddd51'. The system cannot find the file specified.
File name: 'Microsoft.Bcl.AsyncInterfaces, Version=1.0.0.0, Culture=neutral, PublicKeyToken=cc7b13ffcd2ddd51'
 ---> System.IO.FileNotFoundException: Could not load file or assembly 'Microsoft.Bcl.AsyncInterfaces, Culture=neutral, PublicKeyToken=null'. The system cannot find the file specified.
File name: 'Microsoft.Bcl.AsyncInterfaces, Culture=neutral, PublicKeyToken=null'
   at System.Reflection.RuntimeAssembly.InternalLoad(AssemblyName assemblyName, StackCrawlMark& stackMark, AssemblyLoadContext assemblyLoadContext, RuntimeAssembly requestingAssembly, Boolean throwOnFileNotFound)
   at System.Reflection.Assembly.Load(AssemblyName assemblyRef)
   at Microsoft.VisualStudio.TestPlatform.Common.ExtensionFramework.TestPluginCache.CurrentDomainAssemblyResolve(Object sender, AssemblyResolveEventArgs args) in /_/src/Microsoft.TestPlatform.Common/ExtensionFramework/TestPluginCache.cs:line 513
   at System.Runtime.Loader.AssemblyLoadContext.GetFirstResolvedAssemblyFromResolvingEvent(AssemblyName assemblyName)
   at System.Runtime.Loader.AssemblyLoadContext.ResolveUsingEvent(AssemblyName assemblyName)
   at System.Runtime.Loader.AssemblyLoadContext.ResolveUsingResolvingEvent(IntPtr gchManagedAssemblyLoadContext, AssemblyName assemblyName)
TpTrace Information: 0 : 5132, 1, 2023/09/07, 11:04:52.653, 1341856034648, vstest.console.dll, AssemblyResolver.OnResolve: Microsoft.TestPlatform.Extensions.BlameDataCollector: Resolving assembly.
TpTrace Information: 0 : 5132, 1, 2023/09/07, 11:04:52.653, 1341856035309, vstest.console.dll, AssemblyResolver.OnResolve: Microsoft.TestPlatform.Extensions.BlameDataCollector: Searching in: 'C:\Program Files\dotnet\sdk\7.0.400\Extensions'.
TpTrace Information: 0 : 5132, 1, 2023/09/07, 11:04:52.654, 1341856047528, vstest.console.dll, AssemblyResolver.OnResolve: Microsoft.TestPlatform.Extensions.BlameDataCollector: Loading assembly 'C:\Program Files\dotnet\sdk\7.0.400\Extensions\Microsoft.TestPlatform.Extensions.BlameDataCollector.dll'.
TpTrace Information: 0 : 5132, 1, 2023/09/07, 11:04:52.655, 1341856059225, vstest.console.dll, AssemblyResolver.OnResolve: Resolved assembly: Microsoft.TestPlatform.Extensions.BlameDataCollector, from path: C:\Program Files\dotnet\sdk\7.0.400\Extensions\Microsoft.TestPlatform.Extensions.BlameDataCollector.dll
TpTrace Verbose: 0 : 5132, 1, 2023/09/07, 11:04:52.656, 1341856060510, vstest.console.dll, MetadataReaderExtensionsHelper: Discovering extensions inside assembly 'Microsoft.TestPlatform.Extensions.BlameDataCollector, Version=15.0.0.0, Culture=neutral, PublicKeyToken=b03f5f7f11d50a3a' file path 'C:\Program Files\dotnet\sdk\7.0.400\Extensions\Microsoft.TestPlatform.Extensions.BlameDataCollector.dll'
TpTrace Information: 0 : 5132, 1, 2023/09/07, 11:04:52.659, 1341856093584, vstest.console.dll, AssemblyResolver.OnResolve: Microsoft.TestPlatform.Extensions.EventLogCollector: Resolving assembly.
TpTrace Information: 0 : 5132, 1, 2023/09/07, 11:04:52.659, 1341856095374, vstest.console.dll, AssemblyResolver.OnResolve: Microsoft.TestPlatform.Extensions.EventLogCollector: Searching in: 'C:\Program Files\dotnet\sdk\7.0.400\Extensions'.
TpTrace Information: 0 : 5132, 1, 2023/09/07, 11:04:52.661, 1341856112817, vstest.console.dll, AssemblyResolver.OnResolve: Microsoft.TestPlatform.Extensions.EventLogCollector: Loading assembly 'C:\Program Files\dotnet\sdk\7.0.400\Extensions\Microsoft.TestPlatform.Extensions.EventLogCollector.dll'.
TpTrace Information: 0 : 5132, 1, 2023/09/07, 11:04:52.661, 1341856117379, vstest.console.dll, AssemblyResolver.OnResolve: Resolved assembly: Microsoft.TestPlatform.Extensions.EventLogCollector, from path: C:\Program Files\dotnet\sdk\7.0.400\Extensions\Microsoft.TestPlatform.Extensions.EventLogCollector.dll
TpTrace Verbose: 0 : 5132, 1, 2023/09/07, 11:04:52.661, 1341856118640, vstest.console.dll, MetadataReaderExtensionsHelper: Discovering extensions inside assembly 'Microsoft.TestPlatform.Extensions.EventLogCollector, Version=15.0.0.0, Culture=neutral, PublicKeyToken=b03f5f7f11d50a3a' file path 'C:\Program Files\dotnet\sdk\7.0.400\Extensions\Microsoft.TestPlatform.Extensions.EventLogCollector.dll'
TpTrace Information: 0 : 5132, 1, 2023/09/07, 11:04:52.664, 1341856147864, vstest.console.dll, AssemblyResolver.OnResolve: Microsoft.TestPlatform.TestHostRuntimeProvider: Resolving assembly.
TpTrace Information: 0 : 5132, 1, 2023/09/07, 11:04:52.664, 1341856149275, vstest.console.dll, AssemblyResolver.OnResolve: Microsoft.TestPlatform.TestHostRuntimeProvider: Searching in: 'C:\Program Files\dotnet\sdk\7.0.400\Extensions'.
TpTrace Information: 0 : 5132, 1, 2023/09/07, 11:04:52.666, 1341856162176, vstest.console.dll, AssemblyResolver.OnResolve: Microsoft.TestPlatform.TestHostRuntimeProvider: Loading assembly 'C:\Program Files\dotnet\sdk\7.0.400\Extensions\Microsoft.TestPlatform.TestHostRuntimeProvider.dll'.
TpTrace Information: 0 : 5132, 1, 2023/09/07, 11:04:52.667, 1341856173657, vstest.console.dll, AssemblyResolver.OnResolve: Resolved assembly: Microsoft.TestPlatform.TestHostRuntimeProvider, from path: C:\Program Files\dotnet\sdk\7.0.400\Extensions\Microsoft.TestPlatform.TestHostRuntimeProvider.dll
TpTrace Verbose: 0 : 5132, 1, 2023/09/07, 11:04:52.667, 1341856175308, vstest.console.dll, MetadataReaderExtensionsHelper: Discovering extensions inside assembly 'Microsoft.TestPlatform.TestHostRuntimeProvider, Version=15.0.0.0, Culture=neutral, PublicKeyToken=b03f5f7f11d50a3a' file path 'C:\Program Files\dotnet\sdk\7.0.400\Extensions\Microsoft.TestPlatform.TestHostRuntimeProvider.dll'
TpTrace Information: 0 : 5132, 1, 2023/09/07, 11:04:52.670, 1341856208938, vstest.console.dll, GetTestExtensionFromType: Register extension with identifier data 'HostProvider://DefaultTestHost' and type 'Microsoft.VisualStudio.TestPlatform.CrossPlatEngine.Hosting.DefaultTestHostManager, Microsoft.TestPlatform.TestHostRuntimeProvider, Version=15.0.0.0, Culture=neutral, PublicKeyToken=b03f5f7f11d50a3a' inside file 'C:\Program Files\dotnet\sdk\7.0.400\Extensions\Microsoft.TestPlatform.TestHostRuntimeProvider.dll'
TpTrace Information: 0 : 5132, 1, 2023/09/07, 11:04:52.671, 1341856213777, vstest.console.dll, GetTestExtensionFromType: Register extension with identifier data 'HostProvider://DotnetTestHost' and type 'Microsoft.VisualStudio.TestPlatform.CrossPlatEngine.Hosting.DotnetTestHostManager, Microsoft.TestPlatform.TestHostRuntimeProvider, Version=15.0.0.0, Culture=neutral, PublicKeyToken=b03f5f7f11d50a3a' inside file 'C:\Program Files\dotnet\sdk\7.0.400\Extensions\Microsoft.TestPlatform.TestHostRuntimeProvider.dll'
TpTrace Information: 0 : 5132, 1, 2023/09/07, 11:04:52.671, 1341856214905, vstest.console.dll, AssemblyResolver.OnResolve: Microsoft.VisualStudio.TestPlatform.Extensions.Html.TestLogger: Resolving assembly.
TpTrace Information: 0 : 5132, 1, 2023/09/07, 11:04:52.671, 1341856215459, vstest.console.dll, AssemblyResolver.OnResolve: Microsoft.VisualStudio.TestPlatform.Extensions.Html.TestLogger: Searching in: 'C:\Program Files\dotnet\sdk\7.0.400\Extensions'.
TpTrace Information: 0 : 5132, 1, 2023/09/07, 11:04:52.672, 1341856221705, vstest.console.dll, AssemblyResolver.OnResolve: Microsoft.VisualStudio.TestPlatform.Extensions.Html.TestLogger: Loading assembly 'C:\Program Files\dotnet\sdk\7.0.400\Extensions\Microsoft.VisualStudio.TestPlatform.Extensions.Html.TestLogger.dll'.
TpTrace Information: 0 : 5132, 1, 2023/09/07, 11:04:52.673, 1341856232437, vstest.console.dll, AssemblyResolver.OnResolve: Resolved assembly: Microsoft.VisualStudio.TestPlatform.Extensions.Html.TestLogger, from path: C:\Program Files\dotnet\sdk\7.0.400\Extensions\Microsoft.VisualStudio.TestPlatform.Extensions.Html.TestLogger.dll
TpTrace Verbose: 0 : 5132, 1, 2023/09/07, 11:04:52.673, 1341856233642, vstest.console.dll, MetadataReaderExtensionsHelper: Discovering extensions inside assembly 'Microsoft.VisualStudio.TestPlatform.Extensions.Html.TestLogger, Version=15.0.0.0, Culture=neutral, PublicKeyToken=b03f5f7f11d50a3a' file path 'C:\Program Files\dotnet\sdk\7.0.400\Extensions\Microsoft.VisualStudio.TestPlatform.Extensions.Html.TestLogger.dll'
TpTrace Information: 0 : 5132, 1, 2023/09/07, 11:04:52.674, 1341856245002, vstest.console.dll, AssemblyResolver.OnResolve: Microsoft.VisualStudio.TestPlatform.Extensions.Trx.TestLogger: Resolving assembly.
TpTrace Information: 0 : 5132, 1, 2023/09/07, 11:04:52.674, 1341856246003, vstest.console.dll, AssemblyResolver.OnResolve: Microsoft.VisualStudio.TestPlatform.Extensions.Trx.TestLogger: Searching in: 'C:\Program Files\dotnet\sdk\7.0.400\Extensions'.
TpTrace Information: 0 : 5132, 1, 2023/09/07, 11:04:52.675, 1341856255527, vstest.console.dll, AssemblyResolver.OnResolve: Microsoft.VisualStudio.TestPlatform.Extensions.Trx.TestLogger: Loading assembly 'C:\Program Files\dotnet\sdk\7.0.400\Extensions\Microsoft.VisualStudio.TestPlatform.Extensions.Trx.TestLogger.dll'.
TpTrace Information: 0 : 5132, 1, 2023/09/07, 11:04:52.676, 1341856269895, vstest.console.dll, AssemblyResolver.OnResolve: Resolved assembly: Microsoft.VisualStudio.TestPlatform.Extensions.Trx.TestLogger, from path: C:\Program Files\dotnet\sdk\7.0.400\Extensions\Microsoft.VisualStudio.TestPlatform.Extensions.Trx.TestLogger.dll
TpTrace Verbose: 0 : 5132, 1, 2023/09/07, 11:04:52.677, 1341856270758, vstest.console.dll, MetadataReaderExtensionsHelper: Discovering extensions inside assembly 'Microsoft.VisualStudio.TestPlatform.Extensions.Trx.TestLogger, Version=15.0.0.0, Culture=neutral, PublicKeyToken=b03f5f7f11d50a3a' file path 'C:\Program Files\dotnet\sdk\7.0.400\Extensions\Microsoft.VisualStudio.TestPlatform.Extensions.Trx.TestLogger.dll'
TpTrace Verbose: 0 : 5132, 1, 2023/09/07, 11:04:52.678, 1341856286243, vstest.console.dll, TestPluginCache: Discovered the extensions using extension path ''.
TpTrace Verbose: 0 : 5132, 1, 2023/09/07, 11:04:52.678, 1341856287059, vstest.console.dll, TestPluginCache: Discoverers are ''.
TpTrace Verbose: 0 : 5132, 1, 2023/09/07, 11:04:52.678, 1341856287424, vstest.console.dll, TestPluginCache: Executors are ''.
TpTrace Verbose: 0 : 5132, 1, 2023/09/07, 11:04:52.678, 1341856287700, vstest.console.dll, TestPluginCache: Executors2 are ''.
TpTrace Verbose: 0 : 5132, 1, 2023/09/07, 11:04:52.678, 1341856287959, vstest.console.dll, TestPluginCache: Setting providers are ''.
TpTrace Verbose: 0 : 5132, 1, 2023/09/07, 11:04:52.678, 1341856288213, vstest.console.dll, TestPluginCache: Loggers are ''.
TpTrace Verbose: 0 : 5132, 1, 2023/09/07, 11:04:52.678, 1341856289483, vstest.console.dll, TestPluginCache: TestHosts are 'HostProvider://DefaultTestHost,HostProvider://DotnetTestHost'.
TpTrace Verbose: 0 : 5132, 1, 2023/09/07, 11:04:52.678, 1341856289882, vstest.console.dll, TestPluginCache: DataCollectors are ''.
TpTrace Information: 0 : 5132, 1, 2023/09/07, 11:04:52.705, 1341856559284, vstest.console.dll, RunTestsArgumentProcessor:Execute: Test run is starting.
TpTrace Verbose: 0 : 5132, 1, 2023/09/07, 11:04:52.706, 1341856560705, vstest.console.dll, RunTestsArgumentProcessor:Execute: Queuing Test run.
TpTrace Information: 0 : 5132, 1, 2023/09/07, 11:04:52.706, 1341856564414, vstest.console.dll, TestRequestManager.RunTests: run tests started.
TpTrace Information: 0 : 5132, 1, 2023/09/07, 11:04:52.708, 1341856582307, vstest.console.dll, AssemblyMetadataProvider.GetFrameworkName: Determined framework:'.NETCoreApp,Version=v6.0' for source: 'C:\Users\user\Desktop\ShopCartMultiTreads\ShopCart2.0\ShopCart\TestShoppingCart\bin\Debug\net6.0\fine-code-coverage\build-output\TestShoppingCart.dll'
TpTrace Information: 0 : 5132, 1, 2023/09/07, 11:04:52.708, 1341856584956, vstest.console.dll, Determined framework for all sources: .NETCoreApp,Version=v6.0
TpTrace Verbose: 0 : 5132, 1, 2023/09/07, 11:04:52.709, 1341856590965, vstest.console.dll, TestRequestManager.UpdateRunSettingsIfRequired: Default architecture: X64 IsDefaultTargetArchitecture: True, Current process architecture: X64 OperatingSystem: Windows.
TpTrace Information: 0 : 5132, 1, 2023/09/07, 11:04:52.711, 1341856611263, vstest.console.dll, AssemblyMetadataProvider.GetArchitecture: Determined architecture:AnyCPU info for assembly: C:\Users\user\Desktop\ShopCartMultiTreads\ShopCart2.0\ShopCart\TestShoppingCart\bin\Debug\net6.0\fine-code-coverage\build-output\TestShoppingCart.dll
TpTrace Information: 0 : 5132, 1, 2023/09/07, 11:04:52.711, 1341856612116, vstest.console.dll, Determined platform for source 'C:\Users\user\Desktop\ShopCartMultiTreads\ShopCart2.0\ShopCart\TestShoppingCart\bin\Debug\net6.0\fine-code-coverage\build-output\TestShoppingCart.dll' was AnyCPU and it will use the default plaform X64.
TpTrace Information: 0 : 5132, 1, 2023/09/07, 11:04:52.711, 1341856612460, vstest.console.dll, None of the sources provided any runnable platform, using the default platform: X64
TpTrace Information: 0 : 5132, 1, 2023/09/07, 11:04:52.711, 1341856613589, vstest.console.dll, Platform was updated to 'X64'.
TpTrace Information: 0 : 5132, 1, 2023/09/07, 11:04:52.719, 1341856696840, vstest.console.dll, InferRunSettingsHelper.IsTestSettingsEnabled: Unable to navigate to RunSettings/MSTest. Current node: RunSettings
TpTrace Information: 0 : 5132, 1, 2023/09/07, 11:04:52.720, 1341856708770, vstest.console.dll, AssemblyResolver.OnResolve: Microsoft.VisualStudio.TestPlatform.Fakes: Resolving assembly.
TpTrace Information: 0 : 5132, 1, 2023/09/07, 11:04:52.721, 1341856710147, vstest.console.dll, AssemblyResolver.OnResolve: Microsoft.VisualStudio.TestPlatform.Fakes: Searching in: 'C:\Program Files\dotnet\sdk\7.0.400\Extensions'.
TpTrace Information: 0 : 5132, 1, 2023/09/07, 11:04:52.721, 1341856711936, vstest.console.dll, AssemblyResolver.OnResolve: Microsoft.VisualStudio.TestPlatform.Fakes: Assembly path does not exist: 'C:\Program Files\dotnet\sdk\7.0.400\Extensions\Microsoft.VisualStudio.TestPlatform.Fakes.dll', returning.
TpTrace Information: 0 : 5132, 1, 2023/09/07, 11:04:52.721, 1341856713000, vstest.console.dll, AssemblyResolver.OnResolve: Microsoft.VisualStudio.TestPlatform.Fakes: Assembly path does not exist: 'C:\Program Files\dotnet\sdk\7.0.400\Extensions\Microsoft.VisualStudio.TestPlatform.Fakes.exe', returning.
TpTrace Information: 0 : 5132, 1, 2023/09/07, 11:04:52.721, 1341856713690, vstest.console.dll, AssemblyResolver.OnResolve: Microsoft.VisualStudio.TestPlatform.Fakes: Searching in: 'C:\Program Files\dotnet\sdk\7.0.400'.
TpTrace Information: 0 : 5132, 1, 2023/09/07, 11:04:52.721, 1341856714715, vstest.console.dll, AssemblyResolver.OnResolve: Microsoft.VisualStudio.TestPlatform.Fakes: Assembly path does not exist: 'C:\Program Files\dotnet\sdk\7.0.400\Microsoft.VisualStudio.TestPlatform.Fakes.dll', returning.
TpTrace Information: 0 : 5132, 1, 2023/09/07, 11:04:52.721, 1341856716008, vstest.console.dll, AssemblyResolver.OnResolve: Microsoft.VisualStudio.TestPlatform.Fakes: Assembly path does not exist: 'C:\Program Files\dotnet\sdk\7.0.400\Microsoft.VisualStudio.TestPlatform.Fakes.exe', returning.
TpTrace Information: 0 : 5132, 1, 2023/09/07, 11:04:52.721, 1341856718023, vstest.console.dll, AssemblyResolver.OnResolve: Microsoft.VisualStudio.TestPlatform.Fakes: Failed to load assembly.
TpTrace Information: 0 : 5132, 1, 2023/09/07, 11:04:52.722, 1341856724006, vstest.console.dll, Failed to load assembly Microsoft.VisualStudio.TestPlatform.Fakes, Version=17.0.0.0, Culture=neutral. Reason:System.IO.FileNotFoundException: Could not load file or assembly 'Microsoft.VisualStudio.TestPlatform.Fakes, Version=17.0.0.0, Culture=neutral, PublicKeyToken=null'. The system cannot find the file specified.
File name: 'Microsoft.VisualStudio.TestPlatform.Fakes, Version=17.0.0.0, Culture=neutral, PublicKeyToken=null'
   at System.Reflection.RuntimeAssembly.InternalLoad(AssemblyName assemblyName, StackCrawlMark& stackMark, AssemblyLoadContext assemblyLoadContext, RuntimeAssembly requestingAssembly, Boolean throwOnFileNotFound)
   at System.Reflection.Assembly.Load(AssemblyName assemblyRef)
   at Microsoft.VisualStudio.TestPlatform.Common.Utilities.FakesUtilities.LoadTestPlatformAssembly() in /_/src/Microsoft.TestPlatform.Common/Utilities/FakesUtilities.cs:line 272
TpTrace Verbose: 0 : 5132, 1, 2023/09/07, 11:04:52.730, 1341856800575, vstest.console.dll, TestPluginCache.DiscoverTestExtensions: finding test extensions in assemblies ends with: TestLogger.dll TPluginInfo: Microsoft.VisualStudio.TestPlatform.Common.ExtensionFramework.Utilities.TestLoggerPluginInformation TExtension: Microsoft.VisualStudio.TestPlatform.ObjectModel.Client.ITestLogger
TpTrace Verbose: 0 : 5132, 1, 2023/09/07, 11:04:52.730, 1341856802237, vstest.console.dll, TestPluginCache.GetExtensionPaths: Filtered extension paths: 
TpTrace Verbose: 0 : 5132, 1, 2023/09/07, 11:04:52.730, 1341856802641, vstest.console.dll, TestPluginCache.GetExtensionPaths: Added default extension paths: C:\Program Files\dotnet\sdk\7.0.400\Extensions\Microsoft.Diagnostics.NETCore.Client.dll
C:\Program Files\dotnet\sdk\7.0.400\Extensions\Microsoft.TestPlatform.Extensions.BlameDataCollector.dll
C:\Program Files\dotnet\sdk\7.0.400\Extensions\Microsoft.TestPlatform.Extensions.EventLogCollector.dll
C:\Program Files\dotnet\sdk\7.0.400\Extensions\Microsoft.TestPlatform.TestHostRuntimeProvider.dll
C:\Program Files\dotnet\sdk\7.0.400\Extensions\Microsoft.VisualStudio.TestPlatform.Extensions.Html.TestLogger.dll
C:\Program Files\dotnet\sdk\7.0.400\Extensions\Microsoft.VisualStudio.TestPlatform.Extensions.Trx.TestLogger.dll
TpTrace Verbose: 0 : 5132, 1, 2023/09/07, 11:04:52.730, 1341856802940, vstest.console.dll, TestPluginCache.GetExtensionPaths: Added unfilterableExtensionPaths: 
TpTrace Information: 0 : 5132, 1, 2023/09/07, 11:04:52.730, 1341856804460, vstest.console.dll, AssemblyResolver.AddSearchDirectories: Adding more searchDirectories C:\Program Files\dotnet\sdk\7.0.400\Extensions,C:\Program Files\dotnet\sdk\7.0.400
TpTrace Verbose: 0 : 5132, 1, 2023/09/07, 11:04:52.730, 1341856804921, vstest.console.dll, TestPluginCache.DiscoverTestExtensions: Discovering the extensions using extension path.
TpTrace Verbose: 0 : 5132, 1, 2023/09/07, 11:04:52.730, 1341856805260, vstest.console.dll, TestPluginCache.GetExtensionPaths: Filtered extension paths: 
TpTrace Verbose: 0 : 5132, 1, 2023/09/07, 11:04:52.730, 1341856805657, vstest.console.dll, TestPluginCache.GetExtensionPaths: Added default extension paths: C:\Program Files\dotnet\sdk\7.0.400\Extensions\Microsoft.Diagnostics.NETCore.Client.dll
C:\Program Files\dotnet\sdk\7.0.400\Extensions\Microsoft.TestPlatform.Extensions.BlameDataCollector.dll
C:\Program Files\dotnet\sdk\7.0.400\Extensions\Microsoft.TestPlatform.Extensions.EventLogCollector.dll
C:\Program Files\dotnet\sdk\7.0.400\Extensions\Microsoft.TestPlatform.TestHostRuntimeProvider.dll
C:\Program Files\dotnet\sdk\7.0.400\Extensions\Microsoft.VisualStudio.TestPlatform.Extensions.Html.TestLogger.dll
C:\Program Files\dotnet\sdk\7.0.400\Extensions\Microsoft.VisualStudio.TestPlatform.Extensions.Trx.TestLogger.dll
TpTrace Verbose: 0 : 5132, 1, 2023/09/07, 11:04:52.730, 1341856805956, vstest.console.dll, TestPluginCache.GetExtensionPaths: Added unfilterableExtensionPaths: 
TpTrace Verbose: 0 : 5132, 1, 2023/09/07, 11:04:52.730, 1341856806291, vstest.console.dll, TestPluginCache.DiscoverTestExtensions: Discovering the extensions using allExtensionPaths: C:\Program Files\dotnet\sdk\7.0.400\Extensions\Microsoft.Diagnostics.NETCore.Client.dll
C:\Program Files\dotnet\sdk\7.0.400\Extensions\Microsoft.TestPlatform.Extensions.BlameDataCollector.dll
C:\Program Files\dotnet\sdk\7.0.400\Extensions\Microsoft.TestPlatform.Extensions.EventLogCollector.dll
C:\Program Files\dotnet\sdk\7.0.400\Extensions\Microsoft.TestPlatform.TestHostRuntimeProvider.dll
C:\Program Files\dotnet\sdk\7.0.400\Extensions\Microsoft.VisualStudio.TestPlatform.Extensions.Html.TestLogger.dll
C:\Program Files\dotnet\sdk\7.0.400\Extensions\Microsoft.VisualStudio.TestPlatform.Extensions.Trx.TestLogger.dll
TpTrace Information: 0 : 5132, 1, 2023/09/07, 11:04:52.730, 1341856807404, vstest.console.dll, AssemblyResolver.AddSearchDirectories: Adding more searchDirectories C:\Program Files\dotnet\sdk\7.0.400\Extensions,C:\Program Files\dotnet\sdk\7.0.400
TpTrace Information: 0 : 5132, 1, 2023/09/07, 11:04:52.730, 1341856807908, vstest.console.dll, AssemblyResolver.AddSearchDirectories: Adding more searchDirectories C:\Program Files\dotnet\sdk\7.0.400\Extensions,C:\Program Files\dotnet\sdk\7.0.400
TpTrace Information: 0 : 5132, 1, 2023/09/07, 11:04:52.730, 1341856808239, vstest.console.dll, AssemblyResolver.AddSearchDirectories: Adding more searchDirectories C:\Program Files\dotnet\sdk\7.0.400\Extensions,C:\Program Files\dotnet\sdk\7.0.400
TpTrace Information: 0 : 5132, 1, 2023/09/07, 11:04:52.730, 1341856808539, vstest.console.dll, AssemblyResolver.AddSearchDirectories: Adding more searchDirectories C:\Program Files\dotnet\sdk\7.0.400\Extensions,C:\Program Files\dotnet\sdk\7.0.400
TpTrace Information: 0 : 5132, 1, 2023/09/07, 11:04:52.730, 1341856808837, vstest.console.dll, AssemblyResolver.AddSearchDirectories: Adding more searchDirectories C:\Program Files\dotnet\sdk\7.0.400\Extensions,C:\Program Files\dotnet\sdk\7.0.400
TpTrace Information: 0 : 5132, 1, 2023/09/07, 11:04:52.730, 1341856809193, vstest.console.dll, AssemblyResolver.AddSearchDirectories: Adding more searchDirectories C:\Program Files\dotnet\sdk\7.0.400\Extensions,C:\Program Files\dotnet\sdk\7.0.400
TpTrace Verbose: 0 : 5132, 1, 2023/09/07, 11:04:52.731, 1341856810408, vstest.console.dll, MetadataReaderExtensionsHelper: Discovering extensions inside assembly 'Microsoft.Diagnostics.NETCore.Client, Version=0.2.8.21101, Culture=neutral, PublicKeyToken=31bf3856ad364e35' file path 'C:\Program Files\dotnet\sdk\7.0.400\Extensions\Microsoft.Diagnostics.NETCore.Client.dll'
TpTrace Information: 0 : 5132, 1, 2023/09/07, 11:04:52.731, 1341856817724, vstest.console.dll, AssemblyResolver.OnResolve: Microsoft.Bcl.AsyncInterfaces: Resolving assembly.
TpTrace Information: 0 : 5132, 1, 2023/09/07, 11:04:52.731, 1341856818804, vstest.console.dll, AssemblyResolver.OnResolve: Microsoft.Bcl.AsyncInterfaces: Resolved from cache.
TpTrace Verbose: 0 : 5132, 1, 2023/09/07, 11:04:52.731, 1341856819138, vstest.console.dll, CurrentDomainAssemblyResolve: Resolving assembly 'Microsoft.Bcl.AsyncInterfaces'.
TpTrace Information: 0 : 5132, 1, 2023/09/07, 11:04:52.731, 1341856819626, vstest.console.dll, AssemblyResolver.OnResolve: Microsoft.Bcl.AsyncInterfaces: Resolving assembly.
TpTrace Information: 0 : 5132, 1, 2023/09/07, 11:04:52.731, 1341856819925, vstest.console.dll, AssemblyResolver.OnResolve: Microsoft.Bcl.AsyncInterfaces: Resolved from cache.
TpTrace Verbose: 0 : 5132, 1, 2023/09/07, 11:04:52.732, 1341856820247, vstest.console.dll, CurrentDomainAssemblyResolve: Resolving assembly 'Microsoft.Bcl.AsyncInterfaces'.
TpTrace Verbose: 0 : 5132, 1, 2023/09/07, 11:04:52.732, 1341856820522, vstest.console.dll, CurrentDomainAssemblyResolve: Failed to resolve assembly 'Microsoft.Bcl.AsyncInterfaces'.
TpTrace Verbose: 0 : 5132, 1, 2023/09/07, 11:04:52.732, 1341856822163, vstest.console.dll, CurrentDomainAssemblyResolve: Failed to resolve assembly 'Microsoft.Bcl.AsyncInterfaces'.
TpTrace Warning: 0 : 5132, 1, 2023/09/07, 11:04:52.732, 1341856826538, vstest.console.dll, TestPluginDiscoverer: Failed to get types from assembly 'Microsoft.Diagnostics.NETCore.Client, Version=0.2.8.21101, Culture=neutral, PublicKeyToken=31bf3856ad364e35'. Error: System.Reflection.ReflectionTypeLoadException: Unable to load one or more of the requested types.
Could not load file or assembly 'Microsoft.Bcl.AsyncInterfaces, Version=1.0.0.0, Culture=neutral, PublicKeyToken=cc7b13ffcd2ddd51'. The system cannot find the file specified.
   at System.Reflection.RuntimeModule.GetTypes(RuntimeModule module)
   at System.Reflection.Assembly.GetTypes()
   at Microsoft.VisualStudio.TestPlatform.Common.ExtensionFramework.TestPluginDiscoverer.GetTestExtensionsFromAssembly[TPluginInfo,TExtension](Assembly assembly, Dictionary`2 pluginInfos, String filePath) in /_/src/Microsoft.TestPlatform.Common/ExtensionFramework/TestPluginDiscoverer.cs:line 158
System.IO.FileNotFoundException: Could not load file or assembly 'Microsoft.Bcl.AsyncInterfaces, Version=1.0.0.0, Culture=neutral, PublicKeyToken=cc7b13ffcd2ddd51'. The system cannot find the file specified.
File name: 'Microsoft.Bcl.AsyncInterfaces, Version=1.0.0.0, Culture=neutral, PublicKeyToken=cc7b13ffcd2ddd51'
 ---> System.IO.FileNotFoundException: Could not load file or assembly 'Microsoft.Bcl.AsyncInterfaces, Culture=neutral, PublicKeyToken=null'. The system cannot find the file specified.
File name: 'Microsoft.Bcl.AsyncInterfaces, Culture=neutral, PublicKeyToken=null'
   at System.Reflection.RuntimeAssembly.InternalLoad(AssemblyName assemblyName, StackCrawlMark& stackMark, AssemblyLoadContext assemblyLoadContext, RuntimeAssembly requestingAssembly, Boolean throwOnFileNotFound)
   at System.Reflection.Assembly.Load(AssemblyName assemblyRef)
   at Microsoft.VisualStudio.TestPlatform.Common.ExtensionFramework.TestPluginCache.CurrentDomainAssemblyResolve(Object sender, AssemblyResolveEventArgs args) in /_/src/Microsoft.TestPlatform.Common/ExtensionFramework/TestPluginCache.cs:line 513
   at System.Runtime.Loader.AssemblyLoadContext.GetFirstResolvedAssemblyFromResolvingEvent(AssemblyName assemblyName)
   at System.Runtime.Loader.AssemblyLoadContext.ResolveUsingEvent(AssemblyName assemblyName)
   at System.Runtime.Loader.AssemblyLoadContext.ResolveUsingResolvingEvent(IntPtr gchManagedAssemblyLoadContext, AssemblyName assemblyName)
TpTrace Warning: 0 : 5132, 1, 2023/09/07, 11:04:52.732, 1341856828624, vstest.console.dll, LoaderExceptions: System.IO.FileNotFoundException: Could not load file or assembly 'Microsoft.Bcl.AsyncInterfaces, Version=1.0.0.0, Culture=neutral, PublicKeyToken=cc7b13ffcd2ddd51'. The system cannot find the file specified.
File name: 'Microsoft.Bcl.AsyncInterfaces, Version=1.0.0.0, Culture=neutral, PublicKeyToken=cc7b13ffcd2ddd51'
 ---> System.IO.FileNotFoundException: Could not load file or assembly 'Microsoft.Bcl.AsyncInterfaces, Culture=neutral, PublicKeyToken=null'. The system cannot find the file specified.
File name: 'Microsoft.Bcl.AsyncInterfaces, Culture=neutral, PublicKeyToken=null'
   at System.Reflection.RuntimeAssembly.InternalLoad(AssemblyName assemblyName, StackCrawlMark& stackMark, AssemblyLoadContext assemblyLoadContext, RuntimeAssembly requestingAssembly, Boolean throwOnFileNotFound)
   at System.Reflection.Assembly.Load(AssemblyName assemblyRef)
   at Microsoft.VisualStudio.TestPlatform.Common.ExtensionFramework.TestPluginCache.CurrentDomainAssemblyResolve(Object sender, AssemblyResolveEventArgs args) in /_/src/Microsoft.TestPlatform.Common/ExtensionFramework/TestPluginCache.cs:line 513
   at System.Runtime.Loader.AssemblyLoadContext.GetFirstResolvedAssemblyFromResolvingEvent(AssemblyName assemblyName)
   at System.Runtime.Loader.AssemblyLoadContext.ResolveUsingEvent(AssemblyName assemblyName)
   at System.Runtime.Loader.AssemblyLoadContext.ResolveUsingResolvingEvent(IntPtr gchManagedAssemblyLoadContext, AssemblyName assemblyName)
TpTrace Verbose: 0 : 5132, 1, 2023/09/07, 11:04:52.732, 1341856829663, vstest.console.dll, MetadataReaderExtensionsHelper: Discovering extensions inside assembly 'Microsoft.TestPlatform.Extensions.BlameDataCollector, Version=15.0.0.0, Culture=neutral, PublicKeyToken=b03f5f7f11d50a3a' file path 'C:\Program Files\dotnet\sdk\7.0.400\Extensions\Microsoft.TestPlatform.Extensions.BlameDataCollector.dll'
TpTrace Information: 0 : 5132, 1, 2023/09/07, 11:04:52.733, 1341856835776, vstest.console.dll, GetTestExtensionFromType: Register extension with identifier data 'logger://Microsoft/TestPlatform/Extensions/Blame/v1' and type 'Microsoft.TestPlatform.Extensions.BlameDataCollector.BlameLogger, Microsoft.TestPlatform.Extensions.BlameDataCollector, Version=15.0.0.0, Culture=neutral, PublicKeyToken=b03f5f7f11d50a3a' inside file 'C:\Program Files\dotnet\sdk\7.0.400\Extensions\Microsoft.TestPlatform.Extensions.BlameDataCollector.dll'
TpTrace Verbose: 0 : 5132, 1, 2023/09/07, 11:04:52.733, 1341856836702, vstest.console.dll, MetadataReaderExtensionsHelper: Discovering extensions inside assembly 'Microsoft.TestPlatform.Extensions.EventLogCollector, Version=15.0.0.0, Culture=neutral, PublicKeyToken=b03f5f7f11d50a3a' file path 'C:\Program Files\dotnet\sdk\7.0.400\Extensions\Microsoft.TestPlatform.Extensions.EventLogCollector.dll'
TpTrace Verbose: 0 : 5132, 1, 2023/09/07, 11:04:52.734, 1341856841916, vstest.console.dll, MetadataReaderExtensionsHelper: Discovering extensions inside assembly 'Microsoft.TestPlatform.TestHostRuntimeProvider, Version=15.0.0.0, Culture=neutral, PublicKeyToken=b03f5f7f11d50a3a' file path 'C:\Program Files\dotnet\sdk\7.0.400\Extensions\Microsoft.TestPlatform.TestHostRuntimeProvider.dll'
TpTrace Verbose: 0 : 5132, 1, 2023/09/07, 11:04:52.734, 1341856847259, vstest.console.dll, MetadataReaderExtensionsHelper: Discovering extensions inside assembly 'Microsoft.VisualStudio.TestPlatform.Extensions.Html.TestLogger, Version=15.0.0.0, Culture=neutral, PublicKeyToken=b03f5f7f11d50a3a' file path 'C:\Program Files\dotnet\sdk\7.0.400\Extensions\Microsoft.VisualStudio.TestPlatform.Extensions.Html.TestLogger.dll'
TpTrace Information: 0 : 5132, 1, 2023/09/07, 11:04:52.735, 1341856855875, vstest.console.dll, GetTestExtensionFromType: Register extension with identifier data 'logger://Microsoft/TestPlatform/HtmlLogger/v1' and type 'Microsoft.VisualStudio.TestPlatform.Extensions.HtmlLogger.HtmlLogger, Microsoft.VisualStudio.TestPlatform.Extensions.Html.TestLogger, Version=15.0.0.0, Culture=neutral, PublicKeyToken=b03f5f7f11d50a3a' inside file 'C:\Program Files\dotnet\sdk\7.0.400\Extensions\Microsoft.VisualStudio.TestPlatform.Extensions.Html.TestLogger.dll'
TpTrace Verbose: 0 : 5132, 1, 2023/09/07, 11:04:52.735, 1341856857251, vstest.console.dll, MetadataReaderExtensionsHelper: Discovering extensions inside assembly 'Microsoft.VisualStudio.TestPlatform.Extensions.Trx.TestLogger, Version=15.0.0.0, Culture=neutral, PublicKeyToken=b03f5f7f11d50a3a' file path 'C:\Program Files\dotnet\sdk\7.0.400\Extensions\Microsoft.VisualStudio.TestPlatform.Extensions.Trx.TestLogger.dll'
TpTrace Information: 0 : 5132, 1, 2023/09/07, 11:04:52.736, 1341856864488, vstest.console.dll, GetTestExtensionFromType: Register extension with identifier data 'logger://Microsoft/TestPlatform/TrxLogger/v1' and type 'Microsoft.VisualStudio.TestPlatform.Extensions.TrxLogger.TrxLogger, Microsoft.VisualStudio.TestPlatform.Extensions.Trx.TestLogger, Version=15.0.0.0, Culture=neutral, PublicKeyToken=b03f5f7f11d50a3a' inside file 'C:\Program Files\dotnet\sdk\7.0.400\Extensions\Microsoft.VisualStudio.TestPlatform.Extensions.Trx.TestLogger.dll'
TpTrace Verbose: 0 : 5132, 1, 2023/09/07, 11:04:52.736, 1341856866119, vstest.console.dll, TestPluginCache: Discovered the extensions using extension path ''.
TpTrace Verbose: 0 : 5132, 1, 2023/09/07, 11:04:52.736, 1341856866754, vstest.console.dll, TestPluginCache: Discoverers are ''.
TpTrace Verbose: 0 : 5132, 1, 2023/09/07, 11:04:52.736, 1341856867304, vstest.console.dll, TestPluginCache: Executors are ''.
TpTrace Verbose: 0 : 5132, 1, 2023/09/07, 11:04:52.736, 1341856867806, vstest.console.dll, TestPluginCache: Executors2 are ''.
TpTrace Verbose: 0 : 5132, 1, 2023/09/07, 11:04:52.736, 1341856868287, vstest.console.dll, TestPluginCache: Setting providers are ''.
TpTrace Verbose: 0 : 5132, 1, 2023/09/07, 11:04:52.736, 1341856869744, vstest.console.dll, TestPluginCache: Loggers are 'logger://Microsoft/TestPlatform/Extensions/Blame/v1,logger://Microsoft/TestPlatform/HtmlLogger/v1,logger://Microsoft/TestPlatform/TrxLogger/v1'.
TpTrace Verbose: 0 : 5132, 1, 2023/09/07, 11:04:52.737, 1341856870577, vstest.console.dll, TestPluginCache: TestHosts are 'HostProvider://DefaultTestHost,HostProvider://DotnetTestHost'.
TpTrace Verbose: 0 : 5132, 1, 2023/09/07, 11:04:52.737, 1341856871199, vstest.console.dll, TestPluginCache: DataCollectors are ''.
TpTrace Information: 0 : 5132, 1, 2023/09/07, 11:04:52.739, 1341856891366, vstest.console.dll, TestPluginManager.CreateTestExtension: Attempting to load test extension: Microsoft.TestPlatform.Extensions.BlameDataCollector.BlameLogger
TpTrace Verbose: 0 : 5132, 1, 2023/09/07, 11:04:52.754, 1341857048829, vstest.console.dll, TestEngine: Initializing Parallel Execution as MaxCpuCount is set to: 1
TpTrace Information: 0 : 5132, 1, 2023/09/07, 11:04:52.763, 1341857133851, vstest.console.dll, TestPluginManager.CreateTestExtension: Attempting to load test extension: Microsoft.VisualStudio.TestPlatform.CrossPlatEngine.Hosting.DefaultTestHostManager
TpTrace Information: 0 : 5132, 1, 2023/09/07, 11:04:52.764, 1341857146025, vstest.console.dll, TestPluginManager.CreateTestExtension: Attempting to load test extension: Microsoft.VisualStudio.TestPlatform.CrossPlatEngine.Hosting.DotnetTestHostManager
TpTrace Information: 0 : 5132, 1, 2023/09/07, 11:04:52.765, 1341857158110, vstest.console.dll, InferRunSettingsHelper.IsTestSettingsEnabled: Unable to navigate to RunSettings/MSTest. Current node: RunSettings
TpTrace Verbose: 0 : 5132, 1, 2023/09/07, 11:04:52.772, 1341857223376, vstest.console.dll, TestEngine.GetExecutionManager: Chosen execution manager 'Microsoft.VisualStudio.TestPlatform.CrossPlatEngine.Client.Parallel.ParallelProxyExecutionManager, Microsoft.TestPlatform.CrossPlatEngine, Version=15.0.0.0, Culture=neutral, PublicKeyToken=b03f5f7f11d50a3a' ParallelLevel '1'.
TpTrace Verbose: 0 : 5132, 1, 2023/09/07, 11:04:52.772, 1341857225373, vstest.console.dll, TestRunRequest.ExecuteAsync: Creating test run request.
TpTrace Verbose: 0 : 5132, 1, 2023/09/07, 11:04:52.772, 1341857228623, vstest.console.dll, TestRunRequest.ExecuteAsync: Starting.
TpTrace Information: 0 : 5132, 1, 2023/09/07, 11:04:52.773, 1341857234665, vstest.console.dll, TestRunRequest.ExecuteAsync: Starting run with settings:TestRunCriteria:
   KeepAlive=False,FrequencyOfRunStatsChangeEvent=10,RunStatsChangeEventTimeout=00:00:01.5000000,TestCaseFilter=,TestExecutorLauncher=
   Settingsxml=<RunSettings>
  <RunConfiguration>
    <ResultsDirectory>C:\Users\user\Desktop\ShopCartMultiTreads\ShopCart2.0\ShopCart\TestShoppingCart\bin\Debug\net6.0\fine-code-coverage\coverage-tool-output</ResultsDirectory>
    <TargetPlatform>X64</TargetPlatform>
    <TargetFrameworkVersion>.NETCoreApp,Version=v6.0</TargetFrameworkVersion>
    <DesignMode>False</DesignMode>
    <CollectSourceInformation>False</CollectSourceInformation>
  </RunConfiguration>
  <LoggerRunSettings>
    <Loggers>
      <Logger friendlyName="blame" enabled="True" />
      <Logger friendlyName="Console" uri="logger://microsoft/TestPlatform/ConsoleLogger/v1" assemblyQualifiedName="Microsoft.VisualStudio.TestPlatform.CommandLine.Internal.ConsoleLogger, vstest.console, Version=15.0.0.0, Culture=neutral, PublicKeyToken=b03f5f7f11d50a3a" codeBase="C:\Program Files\dotnet\sdk\7.0.400\vstest.console.dll" enabled="True" />
    </Loggers>
  </LoggerRunSettings>
  <DataCollectionRunSettings>
    <DataCollectors>
      <DataCollector friendlyName="blame" enabled="True">
        <Configuration>
          <ResultsDirectory>C:\Users\user\Desktop\ShopCartMultiTreads\ShopCart2.0\ShopCart\TestShoppingCart\bin\Debug\net6.0\fine-code-coverage\coverage-tool-output</ResultsDirectory>
        </Configuration>
      </DataCollector>
    </DataCollectors>
  </DataCollectionRunSettings>
</RunSettings>

TpTrace Verbose: 0 : 5132, 1, 2023/09/07, 11:04:52.773, 1341857235721, vstest.console.dll, TestRunRequest.ExecuteAsync: Wait for the first run request is over.
TpTrace Verbose: 0 : 5132, 1, 2023/09/07, 11:04:52.774, 1341857240208, vstest.console.dll, MulticastDelegateUtilities.SafeInvoke: TestRun.TestRunStart: Invoking callbacks was skipped because there are no subscribers.
TpTrace Verbose: 0 : 5132, 4, 2023/09/07, 11:04:52.774, 1341857245148, vstest.console.dll, MulticastDelegateUtilities.SafeInvoke: InternalTestLoggerEvents.SendTestRunStart: Invoking callback 1/1 for Microsoft.VisualStudio.TestPlatform.CommandLine.Internal.ConsoleLogger., took 0 ms.
TpTrace Verbose: 0 : 5132, 1, 2023/09/07, 11:04:52.776, 1341857262174, vstest.console.dll, ParallelProxyExecutionManager: Start execution. Total sources: 1
TpTrace Verbose: 0 : 5132, 1, 2023/09/07, 11:04:52.779, 1341857296673, vstest.console.dll, TestRequestSender is acting as server.
TpTrace Verbose: 0 : 5132, 1, 2023/09/07, 11:04:52.784, 1341857342295, vstest.console.dll, ParallelOperationManager.RunWorkInParallel: Started work on a host.
TpTrace Verbose: 0 : 5132, 1, 2023/09/07, 11:04:52.785, 1341857358241, vstest.console.dll, ProxyParallelExecutionManager: No sources available for execution.
TpTrace Information: 0 : 5132, 1, 2023/09/07, 11:04:52.786, 1341857360295, vstest.console.dll, TestRunRequest.ExecuteAsync: Started.
TpTrace Verbose: 0 : 5132, 5, 2023/09/07, 11:04:52.786, 1341857361488, vstest.console.dll, DataCollectionRequestSender.InitializeCommunication : Initialize communication. 
TpTrace Verbose: 0 : 5132, 1, 2023/09/07, 11:04:52.786, 1341857361574, vstest.console.dll, TestRunRequest.WaitForCompletion: Waiting with timeout -1.
TpTrace Information: 0 : 5132, 5, 2023/09/07, 11:04:52.791, 1341857413468, vstest.console.dll, Listening on Endpoint : 127.0.0.1:57567
TpTrace Verbose: 0 : 5132, 5, 2023/09/07, 11:04:52.799, 1341857489988, vstest.console.dll, DotnetDataCollectionLauncher: Adding  --runtimeconfig "C:\Program Files\dotnet\sdk\7.0.400\datacollector.runtimeconfig.json" in args
TpTrace Verbose: 0 : 5132, 5, 2023/09/07, 11:04:52.799, 1341857491268, vstest.console.dll, DotnetDataCollectionLauncher: Adding  --depsfile "C:\Program Files\dotnet\sdk\7.0.400\datacollector.deps.json" in args
TpTrace Verbose: 0 : 5132, 5, 2023/09/07, 11:04:52.799, 1341857493932, vstest.console.dll, DotnetDataCollectionLauncher: Full path of dotnet.exe is C:\Program Files\dotnet\dotnet.exe
TpTrace Information: 0 : 5132, 5, 2023/09/07, 11:04:52.806, 1341857562811, vstest.console.dll, ProxyDataCollectionManager.Initialize: Launched datacollector processId: 4628 port: 57567
TpTrace Information: 0 : 5132, 5, 2023/09/07, 11:04:52.806, 1341857564752, vstest.console.dll, ProxyDataCollectionManager.Initialize: waiting for connection with timeout: 90 seconds
TpTrace Verbose: 0 : 5132, 5, 2023/09/07, 11:04:52.806, 1341857565928, vstest.console.dll, DataCollectionRequestSender.WaitForRequestHandlerConnection : Waiting for connection with timeout: 90000
TpTrace Verbose: 0 : 5132, 5, 2023/09/07, 11:04:52.972, 1341859228190, vstest.console.dll, SocketCommunicationManager.WaitForClientConnection took: 166 ms, with 90000 ms timeout, and finished with True.
TpTrace Verbose: 0 : 5132, 5, 2023/09/07, 11:04:52.973, 1341859230308, vstest.console.dll, ProxyDataCollectionManager.InvokeDataCollectionServiceAction: Starting.
TpTrace Information: 0 : 5132, 5, 2023/09/07, 11:04:52.973, 1341859231495, vstest.console.dll, ProxyDataCollectionManager.BeforeTestRunStart: Get environment variable and port for datacollector processId: 4628 port: 57567
TpTrace Information: 0 : 5132, 7, 2023/09/07, 11:04:52.973, 1341859232793, vstest.console.dll, Using the buffer size of 16384 bytes
TpTrace Verbose: 0 : 5132, 5, 2023/09/07, 11:04:52.973, 1341859233265, vstest.console.dll, DataCollectionRequestSender.SendBeforeTestRunStartAndGetResult: Send BeforeTestRunStart message with settingsXml <RunSettings><RunConfiguration><ResultsDirectory>C:\Users\user\Desktop\ShopCartMultiTreads\ShopCart2.0\ShopCart\TestShoppingCart\bin\Debug\net6.0\fine-code-coverage\coverage-tool-output</ResultsDirectory><TargetPlatform>X64</TargetPlatform><TargetFrameworkVersion>.NETCoreApp,Version=v6.0</TargetFrameworkVersion><DesignMode>False</DesignMode><CollectSourceInformation>False</CollectSourceInformation><TestAdaptersPaths>C:\Program Files\dotnet\sdk\7.0.400\Extensions</TestAdaptersPaths></RunConfiguration><LoggerRunSettings><Loggers><Logger friendlyName="blame" enabled="True" /><Logger friendlyName="Console" uri="logger://microsoft/TestPlatform/ConsoleLogger/v1" assemblyQualifiedName="Microsoft.VisualStudio.TestPlatform.CommandLine.Internal.ConsoleLogger, vstest.console, Version=15.0.0.0, Culture=neutral, PublicKeyToken=b03f5f7f11d50a3a" codeBase="C:\Program Files\dotnet\sdk\7.0.400\vstest.console.dll" enabled="True" /></Loggers></LoggerRunSettings><DataCollectionRunSettings><DataCollectors><DataCollector friendlyName="blame" enabled="True"><Configuration><ResultsDirectory>C:\Users\user\Desktop\ShopCartMultiTreads\ShopCart2.0\ShopCart\TestShoppingCart\bin\Debug\net6.0\fine-code-coverage\coverage-tool-output</ResultsDirectory></Configuration></DataCollector></DataCollectors></DataCollectionRunSettings></RunSettings> and sources System.Collections.Generic.List`1[System.String]: 
TpTrace Information: 0 : 5132, 7, 2023/09/07, 11:04:52.973, 1341859234318, vstest.console.dll, Accepted Client request and set the flag
TpTrace Verbose: 0 : 5132, 5, 2023/09/07, 11:04:53.082, 1341860328328, vstest.console.dll, DataCollectionRequestSender.SendBeforeTestRunStartAndGetResult: Received message: (DataCollection.SendMessage) -> {"MessageType":"DataCollection.SendMessage","Payload":{"FriendlyName":null,"Uri":null,"TestCaseId":"00000000-0000-0000-0000-000000000000","Message":"Logging DataCollector Diagnostics in file: C:\\Users\\user\\Desktop\\ShopCartMultiTreads\\ShopCart2.0\\ShopCart\\TestShoppingCart\\bin\\Debug\\net6.0\\fine-code-coverage\\coverage-tool-output\\diagnostics.datacollector.23-09-07_11-04-52_79876_5.log","Level":0}}
TpTrace Verbose: 0 : 5132, 5, 2023/09/07, 11:04:53.210, 1341861607283, vstest.console.dll, DataCollectionRequestSender.SendBeforeTestRunStartAndGetResult: Received message: (DataCollection.BeforeTestRunStartResult) -> {"MessageType":"DataCollection.BeforeTestRunStartResult","Payload":{"EnvironmentVariables":{},"DataCollectionEventsPort":57569}}
TpTrace Information: 0 : 5132, 5, 2023/09/07, 11:04:53.219, 1341861695870, vstest.console.dll, ProxyDataCollectionManager.BeforeTestRunStart: SendBeforeTestRunStartAndGetResult successful, env variable from datacollector:   and testhost port: 57569
TpTrace Information: 0 : 5132, 5, 2023/09/07, 11:04:53.219, 1341861696952, vstest.console.dll, ProxyDataCollectionManager.InvokeDataCollectionServiceAction: Completed.
TpTrace Verbose: 0 : 5132, 5, 2023/09/07, 11:04:53.219, 1341861698149, vstest.console.dll, ProxyExecutionManager: Test host is always Lazy initialize.
TpTrace Verbose: 0 : 5132, 5, 2023/09/07, 11:04:53.220, 1341861701236, vstest.console.dll, TestRequestSender.InitializeCommunication: initialize communication. 
TpTrace Information: 0 : 5132, 5, 2023/09/07, 11:04:53.220, 1341861707198, vstest.console.dll, SocketServer.Start: Listening on endpoint : 127.0.0.1:57570
TpTrace Verbose: 0 : 5132, 5, 2023/09/07, 11:04:53.222, 1341861723546, vstest.console.dll, DotnetTestHostmanager.GetTestHostProcessStartInfo: Platform environment 'X64' target architecture 'X64' framework '.NETCoreApp,Version=v6.0' OS 'Windows'
TpTrace Verbose: 0 : 5132, 5, 2023/09/07, 11:04:53.222, 1341861725696, vstest.console.dll, DotnetTestHostmanager: Adding  --runtimeconfig "C:\Users\user\Desktop\ShopCartMultiTreads\ShopCart2.0\ShopCart\TestShoppingCart\bin\Debug\net6.0\fine-code-coverage\build-output\TestShoppingCart.runtimeconfig.json" in args
TpTrace Verbose: 0 : 5132, 5, 2023/09/07, 11:04:53.222, 1341861726534, vstest.console.dll, DotnetTestHostmanager: Adding  --depsfile "C:\Users\user\Desktop\ShopCartMultiTreads\ShopCart2.0\ShopCart\TestShoppingCart\bin\Debug\net6.0\fine-code-coverage\build-output\TestShoppingCart.deps.json" in args
TpTrace Verbose: 0 : 5132, 5, 2023/09/07, 11:04:53.222, 1341861728051, vstest.console.dll, DotnetTestHostmanager.IsWinOnArm: Current PROCESSOR_ARCHITECTURE from environment variable 'AMD64'
TpTrace Verbose: 0 : 5132, 5, 2023/09/07, 11:04:53.222, 1341861728614, vstest.console.dll, DotnetTestHostmanager.IsWinOnArm: Is Windows on ARM 'False'
TpTrace Verbose: 0 : 5132, 5, 2023/09/07, 11:04:53.222, 1341861729428, vstest.console.dll, DotnetTestHostManager: testhost.exe found at path: C:\Users\user\Desktop\ShopCartMultiTreads\ShopCart2.0\ShopCart\TestShoppingCart\bin\Debug\net6.0\fine-code-coverage\build-output\testhost.exe
TpTrace Verbose: 0 : 5132, 5, 2023/09/07, 11:04:53.222, 1341861729842, vstest.console.dll, DotnetTestHostmanager: Full path of host exe is C:\Users\user\Desktop\ShopCartMultiTreads\ShopCart2.0\ShopCart\TestShoppingCart\bin\Debug\net6.0\fine-code-coverage\build-output\testhost.exe
TpTrace Verbose: 0 : 5132, 5, 2023/09/07, 11:04:53.223, 1341861731333, vstest.console.dll, DotnetTestHostmanager.LaunchTestHostAsync: Found 'VSTEST_WINAPPHOST_DOTNET_ROOT' in env variables, value 'C:\Program Files\dotnet', forwarding to 'DOTNET_ROOT'
TpTrace Verbose: 0 : 5132, 5, 2023/09/07, 11:04:53.223, 1341861733395, vstest.console.dll, DotnetTestHostManager: Starting process 'C:\Users\user\Desktop\ShopCartMultiTreads\ShopCart2.0\ShopCart\TestShoppingCart\bin\Debug\net6.0\fine-code-coverage\build-output\testhost.exe' with command line ' --runtimeconfig "C:\Users\user\Desktop\ShopCartMultiTreads\ShopCart2.0\ShopCart\TestShoppingCart\bin\Debug\net6.0\fine-code-coverage\build-output\TestShoppingCart.runtimeconfig.json" --depsfile "C:\Users\user\Desktop\ShopCartMultiTreads\ShopCart2.0\ShopCart\TestShoppingCart\bin\Debug\net6.0\fine-code-coverage\build-output\TestShoppingCart.deps.json" --port 57570 --endpoint 127.0.0.1:057570 --role client --parentprocessid 5132 --diag "C:\Users\user\Desktop\ShopCartMultiTreads\ShopCart2.0\ShopCart\TestShoppingCart\bin\Debug\net6.0\fine-code-coverage\coverage-tool-output\diagnostics.host.23-09-07_11-04-53_22171_5.log" --tracelevel 4 --datacollectionport 57569 --telemetryoptedin false'
TpTrace Verbose: 0 : 5132, 5, 2023/09/07, 11:04:53.233, 1341861834203, vstest.console.dll, MulticastDelegateUtilities.SafeInvoke: HostProviderEvents.OnHostLaunched: Invoking callback 1/2 for Microsoft.VisualStudio.TestPlatform.CrossPlatEngine.Client.ProxyExecutionManagerWithDataCollection., took 2 ms.
TpTrace Verbose: 0 : 5132, 5, 2023/09/07, 11:04:53.233, 1341861838524, vstest.console.dll, Test Runtime launched
TpTrace Verbose: 0 : 5132, 5, 2023/09/07, 11:04:53.233, 1341861839496, vstest.console.dll, MulticastDelegateUtilities.SafeInvoke: HostProviderEvents.OnHostLaunched: Invoking callback 2/2 for Microsoft.VisualStudio.TestPlatform.CrossPlatEngine.Client.ProxyOperationManager., took 0 ms.
TpTrace Verbose: 0 : 5132, 5, 2023/09/07, 11:04:53.234, 1341861845650, vstest.console.dll, TestRequestSender.WaitForRequestHandlerConnection: waiting for connection with timeout: 90000.
TpTrace Verbose: 0 : 5132, 7, 2023/09/07, 11:04:53.408, 1341863585991, vstest.console.dll, MulticastDelegateUtilities.SafeInvoke: SocketServer: ClientConnected: Invoking callback 1/1 for Microsoft.VisualStudio.TestPlatform.CommunicationUtilities.TestRequestSender., took 0 ms.
TpTrace Verbose: 0 : 5132, 5, 2023/09/07, 11:04:53.408, 1341863585991, vstest.console.dll, TestRequestSender.WaitForRequestHandlerConnection: waiting took 174 ms, with timeout 90000 ms, and result 0, which is success.
TpTrace Verbose: 0 : 5132, 7, 2023/09/07, 11:04:53.408, 1341863587589, vstest.console.dll, SocketServer.OnClientConnected: Client connected for endPoint: 127.0.0.1:57570, starting MessageLoopAsync:
TpTrace Verbose: 0 : 5132, 7, 2023/09/07, 11:04:53.409, 1341863590618, vstest.console.dll, TcpClientExtensions.MessageLoopAsync: Polling on remoteEndPoint: 127.0.0.1:57571 localEndPoint: 127.0.0.1:57570
TpTrace Verbose: 0 : 5132, 5, 2023/09/07, 11:04:53.410, 1341863601648, vstest.console.dll, TestRequestSender.CheckVersionWithTestHost: Sending check version message: {"MessageType":"ProtocolVersion","Payload":7}
TpTrace Verbose: 0 : 5132, 7, 2023/09/07, 11:04:53.545, 1341864952453, vstest.console.dll, TcpClientExtensions.MessageLoopAsync: NotifyDataAvailable remoteEndPoint: 127.0.0.1:57571 localEndPoint: 127.0.0.1:57570
TpTrace Verbose: 0 : 5132, 7, 2023/09/07, 11:04:53.545, 1341864954511, vstest.console.dll, TestRequestSender.CheckVersionWithTestHost: onMessageReceived received message: (ProtocolVersion) -> {"MessageType":"ProtocolVersion","Payload":7}
TpTrace Verbose: 0 : 5132, 7, 2023/09/07, 11:04:53.546, 1341864961156, vstest.console.dll, MulticastDelegateUtilities.SafeInvoke: LengthPrefixCommunicationChannel: MessageReceived: Invoking callback 1/1 for Microsoft.VisualStudio.TestPlatform.CommunicationUtilities.TestRequestSender+<>c__DisplayClass29_0., took 0 ms.
TpTrace Verbose: 0 : 5132, 5, 2023/09/07, 11:04:53.546, 1341864962104, vstest.console.dll, TestPluginCache.GetExtensionPaths: Filtered extension paths: 
TpTrace Verbose: 0 : 5132, 7, 2023/09/07, 11:04:53.546, 1341864962268, vstest.console.dll, TcpClientExtensions.MessageLoopAsync: Polling on remoteEndPoint: 127.0.0.1:57571 localEndPoint: 127.0.0.1:57570
TpTrace Verbose: 0 : 5132, 5, 2023/09/07, 11:04:53.546, 1341864963039, vstest.console.dll, TestPluginCache.GetExtensionPaths: Added default extension paths: C:\Program Files\dotnet\sdk\7.0.400\Extensions\Microsoft.Diagnostics.NETCore.Client.dll
C:\Program Files\dotnet\sdk\7.0.400\Extensions\Microsoft.TestPlatform.Extensions.BlameDataCollector.dll
C:\Program Files\dotnet\sdk\7.0.400\Extensions\Microsoft.TestPlatform.Extensions.EventLogCollector.dll
C:\Program Files\dotnet\sdk\7.0.400\Extensions\Microsoft.TestPlatform.TestHostRuntimeProvider.dll
C:\Program Files\dotnet\sdk\7.0.400\Extensions\Microsoft.VisualStudio.TestPlatform.Extensions.Html.TestLogger.dll
C:\Program Files\dotnet\sdk\7.0.400\Extensions\Microsoft.VisualStudio.TestPlatform.Extensions.Trx.TestLogger.dll
TpTrace Verbose: 0 : 5132, 5, 2023/09/07, 11:04:53.546, 1341864964016, vstest.console.dll, TestPluginCache.GetExtensionPaths: Added unfilterableExtensionPaths: 
TpTrace Verbose: 0 : 5132, 5, 2023/09/07, 11:04:53.551, 1341865014462, vstest.console.dll, TestRequestSender.InitializeExecution: Sending initialize execution with message: {"Version":7,"MessageType":"TestExecution.Initialize","Payload":["C:\\Users\\user\\Desktop\\ShopCartMultiTreads\\ShopCart2.0\\ShopCart\\TestShoppingCart\\bin\\Debug\\net6.0\\fine-code-coverage\\build-output\\NUnit3.TestAdapter.dll"]}
TpTrace Verbose: 0 : 5132, 5, 2023/09/07, 11:04:53.551, 1341865017955, vstest.console.dll, ParallelProxyExecutionManager: Execution started. Started clients: 1
TpTrace Verbose: 0 : 5132, 5, 2023/09/07, 11:04:53.552, 1341865022454, vstest.console.dll, TestRunRequest:SendTestRunMessage: Starting.
TpTrace Verbose: 0 : 5132, 5, 2023/09/07, 11:04:53.552, 1341865024286, vstest.console.dll, MulticastDelegateUtilities.SafeInvoke: TestRun.LogMessages: Invoking callback 1/1 for Microsoft.VisualStudio.TestPlatform.CommandLine.TestRunResultAggregator., took 0 ms.
TpTrace Information: 0 : 5132, 5, 2023/09/07, 11:04:53.552, 1341865024895, vstest.console.dll, TestRunRequest:SendTestRunMessage: Completed.
TpTrace Verbose: 0 : 5132, 4, 2023/09/07, 11:04:53.552, 1341865027114, vstest.console.dll, MulticastDelegateUtilities.SafeInvoke: InternalTestLoggerEvents.SendTestRunMessage: Invoking callback 1/1 for Microsoft.VisualStudio.TestPlatform.CommandLine.Internal.ConsoleLogger., took 0 ms.
TpTrace Warning: 0 : 5132, 5, 2023/09/07, 11:04:53.553, 1341865030831, vstest.console.dll, InferRunSettingsHelper.MakeRunsettingsCompatible: Removing the following settings: TargetPlatform from RunSettings file. To use those settings please move to latest version of Microsoft.NET.Test.Sdk
TpTrace Verbose: 0 : 5132, 7, 2023/09/07, 11:04:53.554, 1341865045347, vstest.console.dll, TcpClientExtensions.MessageLoopAsync: NotifyDataAvailable remoteEndPoint: 127.0.0.1:57571 localEndPoint: 127.0.0.1:57570
TpTrace Verbose: 0 : 5132, 7, 2023/09/07, 11:04:53.555, 1341865050579, vstest.console.dll, TestRequestSender.OnExecutionMessageReceived: Received message: {"Version":7,"MessageType":"TestSession.Message","Payload":{"MessageLevel":0,"Message":"Logging TestHost Diagnostics in file: C:\\Users\\user\\Desktop\\ShopCartMultiTreads\\ShopCart2.0\\ShopCart\\TestShoppingCart\\bin\\Debug\\net6.0\\fine-code-coverage\\coverage-tool-output\\diagnostics.host.23-09-07_11-04-53_22171_5.log"}}
TpTrace Verbose: 0 : 5132, 7, 2023/09/07, 11:04:53.562, 1341865123782, vstest.console.dll, TestRunRequest:SendTestRunMessage: Starting.
TpTrace Verbose: 0 : 5132, 7, 2023/09/07, 11:04:53.562, 1341865127138, vstest.console.dll, MulticastDelegateUtilities.SafeInvoke: TestRun.LogMessages: Invoking callback 1/1 for Microsoft.VisualStudio.TestPlatform.CommandLine.TestRunResultAggregator., took 0 ms.
TpTrace Verbose: 0 : 5132, 4, 2023/09/07, 11:04:53.562, 1341865127190, vstest.console.dll, MulticastDelegateUtilities.SafeInvoke: InternalTestLoggerEvents.SendTestRunMessage: Invoking callback 1/1 for Microsoft.VisualStudio.TestPlatform.CommandLine.Internal.ConsoleLogger., took 0 ms.
TpTrace Information: 0 : 5132, 7, 2023/09/07, 11:04:53.562, 1341865127957, vstest.console.dll, TestRunRequest:SendTestRunMessage: Completed.
TpTrace Verbose: 0 : 5132, 7, 2023/09/07, 11:04:53.562, 1341865129571, vstest.console.dll, MulticastDelegateUtilities.SafeInvoke: LengthPrefixCommunicationChannel: MessageReceived: Invoking callback 1/1 for Microsoft.VisualStudio.TestPlatform.CommunicationUtilities.TestRequestSender+<>c__DisplayClass34_0., took 8 ms.
TpTrace Verbose: 0 : 5132, 7, 2023/09/07, 11:04:53.563, 1341865130028, vstest.console.dll, TcpClientExtensions.MessageLoopAsync: Polling on remoteEndPoint: 127.0.0.1:57571 localEndPoint: 127.0.0.1:57570
TpTrace Verbose: 0 : 5132, 5, 2023/09/07, 11:04:53.566, 1341865169386, vstest.console.dll, TestRequestSender.StartTestRun: Sending test run with message: {"Version":7,"MessageType":"TestExecution.StartWithSources","Payload":{"AdapterSourceMap":{"_none_":["C:\\Users\\user\\Desktop\\ShopCartMultiTreads\\ShopCart2.0\\ShopCart\\TestShoppingCart\\bin\\Debug\\net6.0\\fine-code-coverage\\build-output\\TestShoppingCart.dll"]},"RunSettings":"<RunSettings>\r\n  <RunConfiguration>\r\n    <ResultsDirectory>C:\\Users\\user\\Desktop\\ShopCartMultiTreads\\ShopCart2.0\\ShopCart\\TestShoppingCart\\bin\\Debug\\net6.0\\fine-code-coverage\\coverage-tool-output</ResultsDirectory>\r\n    <TargetFrameworkVersion>.NETCoreApp,Version=v6.0</TargetFrameworkVersion>\r\n    <DesignMode>False</DesignMode>\r\n    <CollectSourceInformation>False</CollectSourceInformation>\r\n  </RunConfiguration>\r\n  <LoggerRunSettings>\r\n    <Loggers>\r\n      <Logger friendlyName=\"blame\" enabled=\"True\" />\r\n      <Logger friendlyName=\"Console\" uri=\"logger://microsoft/TestPlatform/ConsoleLogger/v1\" assemblyQualifiedName=\"Microsoft.VisualStudio.TestPlatform.CommandLine.Internal.ConsoleLogger, vstest.console, Version=15.0.0.0, Culture=neutral, PublicKeyToken=b03f5f7f11d50a3a\" codeBase=\"C:\\Program Files\\dotnet\\sdk\\7.0.400\\vstest.console.dll\" enabled=\"True\" />\r\n    </Loggers>\r\n  </LoggerRunSettings>\r\n  <DataCollectionRunSettings>\r\n    <DataCollectors>\r\n      <DataCollector friendlyName=\"blame\" enabled=\"True\">\r\n        <Configuration>\r\n          <ResultsDirectory>C:\\Users\\user\\Desktop\\ShopCartMultiTreads\\ShopCart2.0\\ShopCart\\TestShoppingCart\\bin\\Debug\\net6.0\\fine-code-coverage\\coverage-tool-output</ResultsDirectory>\r\n        </Configuration>\r\n      </DataCollector>\r\n    </DataCollectors>\r\n  </DataCollectionRunSettings>\r\n</RunSettings>","TestExecutionContext":{"FrequencyOfRunStatsChangeEvent":10,"RunStatsChangeEventTimeout":"00:00:01.5000000","InIsolation":false,"KeepAlive":false,"AreTestCaseLevelEventsRequired":false,"IsDebug":false,"TestCaseFilter":null,"FilterOptions":null},"Package":null}}
TpTrace Verbose: 0 : 5132, 7, 2023/09/07, 11:04:53.766, 1341867169396, vstest.console.dll, TcpClientExtensions.MessageLoopAsync: NotifyDataAvailable remoteEndPoint: 127.0.0.1:57571 localEndPoint: 127.0.0.1:57570
TpTrace Verbose: 0 : 5132, 7, 2023/09/07, 11:04:53.767, 1341867170781, vstest.console.dll, TestRequestSender.OnExecutionMessageReceived: Received message: {"Version":7,"MessageType":"TestSession.Message","Payload":{"MessageLevel":0,"Message":"NUnit Adapter 4.4.0.0: Test execution started"}}
TpTrace Verbose: 0 : 5132, 7, 2023/09/07, 11:04:53.767, 1341867174137, vstest.console.dll, TestRunRequest:SendTestRunMessage: Starting.
TpTrace Verbose: 0 : 5132, 7, 2023/09/07, 11:04:53.767, 1341867174914, vstest.console.dll, MulticastDelegateUtilities.SafeInvoke: TestRun.LogMessages: Invoking callback 1/1 for Microsoft.VisualStudio.TestPlatform.CommandLine.TestRunResultAggregator., took 0 ms.
TpTrace Verbose: 0 : 5132, 4, 2023/09/07, 11:04:53.767, 1341867175036, vstest.console.dll, MulticastDelegateUtilities.SafeInvoke: InternalTestLoggerEvents.SendTestRunMessage: Invoking callback 1/1 for Microsoft.VisualStudio.TestPlatform.CommandLine.Internal.ConsoleLogger., took 0 ms.
TpTrace Information: 0 : 5132, 7, 2023/09/07, 11:04:53.767, 1341867175677, vstest.console.dll, TestRunRequest:SendTestRunMessage: Completed.
TpTrace Verbose: 0 : 5132, 7, 2023/09/07, 11:04:53.767, 1341867176845, vstest.console.dll, MulticastDelegateUtilities.SafeInvoke: LengthPrefixCommunicationChannel: MessageReceived: Invoking callback 1/1 for Microsoft.VisualStudio.TestPlatform.CommunicationUtilities.TestRequestSender+<>c__DisplayClass34_0., took 0 ms.
TpTrace Verbose: 0 : 5132, 7, 2023/09/07, 11:04:53.767, 1341867177437, vstest.console.dll, TcpClientExtensions.MessageLoopAsync: Polling on remoteEndPoint: 127.0.0.1:57571 localEndPoint: 127.0.0.1:57570
TpTrace Verbose: 0 : 5132, 7, 2023/09/07, 11:04:53.797, 1341867473485, vstest.console.dll, TcpClientExtensions.MessageLoopAsync: NotifyDataAvailable remoteEndPoint: 127.0.0.1:57571 localEndPoint: 127.0.0.1:57570
TpTrace Verbose: 0 : 5132, 7, 2023/09/07, 11:04:53.797, 1341867476185, vstest.console.dll, TestRequestSender.OnExecutionMessageReceived: Received message: {"Version":7,"MessageType":"TestSession.Message","Payload":{"MessageLevel":0,"Message":"Running all tests in C:\\Users\\user\\Desktop\\ShopCartMultiTreads\\ShopCart2.0\\ShopCart\\TestShoppingCart\\bin\\Debug\\net6.0\\fine-code-coverage\\build-output\\TestShoppingCart.dll"}}
TpTrace Verbose: 0 : 5132, 7, 2023/09/07, 11:04:53.797, 1341867478534, vstest.console.dll, TestRunRequest:SendTestRunMessage: Starting.
TpTrace Verbose: 0 : 5132, 7, 2023/09/07, 11:04:53.797, 1341867479728, vstest.console.dll, MulticastDelegateUtilities.SafeInvoke: TestRun.LogMessages: Invoking callback 1/1 for Microsoft.VisualStudio.TestPlatform.CommandLine.TestRunResultAggregator., took 0 ms.
TpTrace Verbose: 0 : 5132, 4, 2023/09/07, 11:04:53.797, 1341867479942, vstest.console.dll, MulticastDelegateUtilities.SafeInvoke: InternalTestLoggerEvents.SendTestRunMessage: Invoking callback 1/1 for Microsoft.VisualStudio.TestPlatform.CommandLine.Internal.ConsoleLogger., took 0 ms.
TpTrace Information: 0 : 5132, 7, 2023/09/07, 11:04:53.798, 1341867480354, vstest.console.dll, TestRunRequest:SendTestRunMessage: Completed.
TpTrace Verbose: 0 : 5132, 7, 2023/09/07, 11:04:53.798, 1341867481866, vstest.console.dll, MulticastDelegateUtilities.SafeInvoke: LengthPrefixCommunicationChannel: MessageReceived: Invoking callback 1/1 for Microsoft.VisualStudio.TestPlatform.CommunicationUtilities.TestRequestSender+<>c__DisplayClass34_0., took 0 ms.
TpTrace Verbose: 0 : 5132, 7, 2023/09/07, 11:04:53.798, 1341867482754, vstest.console.dll, TcpClientExtensions.MessageLoopAsync: Polling on remoteEndPoint: 127.0.0.1:57571 localEndPoint: 127.0.0.1:57570
TpTrace Verbose: 0 : 5132, 7, 2023/09/07, 11:04:53.947, 1341868973377, vstest.console.dll, TcpClientExtensions.MessageLoopAsync: NotifyDataAvailable remoteEndPoint: 127.0.0.1:57571 localEndPoint: 127.0.0.1:57570
TpTrace Verbose: 0 : 5132, 7, 2023/09/07, 11:04:53.947, 1341868975542, vstest.console.dll, TestRequestSender.OnExecutionMessageReceived: Received message: {"Version":7,"MessageType":"TestSession.Message","Payload":{"MessageLevel":0,"Message":"   NUnit3TestExecutor discovered 22 of 22 NUnit test cases using Current Discovery mode, Non-Explicit run"}}
TpTrace Verbose: 0 : 5132, 7, 2023/09/07, 11:04:53.947, 1341868978356, vstest.console.dll, TestRunRequest:SendTestRunMessage: Starting.
TpTrace Verbose: 0 : 5132, 7, 2023/09/07, 11:04:53.947, 1341868979505, vstest.console.dll, MulticastDelegateUtilities.SafeInvoke: TestRun.LogMessages: Invoking callback 1/1 for Microsoft.VisualStudio.TestPlatform.CommandLine.TestRunResultAggregator., took 0 ms.
TpTrace Verbose: 0 : 5132, 4, 2023/09/07, 11:04:53.947, 1341868979646, vstest.console.dll, MulticastDelegateUtilities.SafeInvoke: InternalTestLoggerEvents.SendTestRunMessage: Invoking callback 1/1 for Microsoft.VisualStudio.TestPlatform.CommandLine.Internal.ConsoleLogger., took 0 ms.
TpTrace Information: 0 : 5132, 7, 2023/09/07, 11:04:53.948, 1341868980254, vstest.console.dll, TestRunRequest:SendTestRunMessage: Completed.
TpTrace Verbose: 0 : 5132, 7, 2023/09/07, 11:04:53.948, 1341868981843, vstest.console.dll, MulticastDelegateUtilities.SafeInvoke: LengthPrefixCommunicationChannel: MessageReceived: Invoking callback 1/1 for Microsoft.VisualStudio.TestPlatform.CommunicationUtilities.TestRequestSender+<>c__DisplayClass34_0., took 0 ms.
TpTrace Verbose: 0 : 5132, 7, 2023/09/07, 11:04:53.948, 1341868982625, vstest.console.dll, TcpClientExtensions.MessageLoopAsync: Polling on remoteEndPoint: 127.0.0.1:57571 localEndPoint: 127.0.0.1:57570
TpTrace Verbose: 0 : 5132, 7, 2023/09/07, 11:04:54.113, 1341870632200, vstest.console.dll, TcpClientExtensions.MessageLoopAsync: NotifyDataAvailable remoteEndPoint: 127.0.0.1:57571 localEndPoint: 127.0.0.1:57570
TpTrace Verbose: 0 : 5132, 7, 2023/09/07, 11:04:54.113, 1341870636702, vstest.console.dll, TestRequestSender.OnExecutionMessageReceived: Received message: {"Version":7,"MessageType":"TestExecution.StatsChange","Payload":{"NewTestResults":[{"TestCase":{"Id":"e0e5b867-d4e3-58c6-7dc6-d98d76fd9a4e","FullyQualifiedName":"ShopCart.Tests.ProductTests.ToString_ReturnsCorrectString","DisplayName":"ToString_ReturnsCorrectString","ExecutorUri":"executor://NUnit3TestExecutor","Source":"C:\\Users\\user\\Desktop\\ShopCartMultiTreads\\ShopCart2.0\\ShopCart\\TestShoppingCart\\bin\\Debug\\net6.0\\fine-code-coverage\\build-output\\TestShoppingCart.dll","CodeFilePath":null,"LineNumber":0,"Properties":[{"Key":{"Id":"NUnit.Seed","Label":"Seed","Category":"","Description":"","Attributes":0,"ValueType":"System.String"},"Value":"1934420112"}]},"Attachments":[],"Outcome":1,"ErrorMessage":null,"ErrorStackTrace":null,"DisplayName":"ToString_ReturnsCorrectString","Messages":[],"ComputerName":"DESKTOP-RLVE3IB","Duration":"00:00:00.0098040","StartTime":"2023-09-07T08:04:53.9778643+00:00","EndTime":"2023-09-07T08:04:53.9875826+00:00","Properties":[{"Key":{"Id":"NUnit.Seed","Label":"Seed","Category":"","Description":"","Attributes":0,"ValueType":"System.String"},"Value":"1934420112"}]},{"TestCase":{"Id":"92f07f36-b015-62b6-6bb3-a27507a76df3","FullyQualifiedName":"TestShoppingCart.TestCommand.TestAppCommand.TestExitCommand.Execute_CallsExitMethod","DisplayName":"Execute_CallsExitMethod","ExecutorUri":"executor://NUnit3TestExecutor","Source":"C:\\Users\\user\\Desktop\\ShopCartMultiTreads\\ShopCart2.0\\ShopCart\\TestShoppingCart\\bin\\Debug\\net6.0\\fine-code-coverage\\build-output\\TestShoppingCart.dll","CodeFilePath":null,"LineNumber":0,"Properties":[{"Key":{"Id":"NUnit.Seed","Label":"Seed","Category":"","Description":"","Attributes":0,"ValueType":"System.String"},"Value":"45677037"}]},"Attachments":[],"Outcome":1,"ErrorMessage":null,"ErrorStackTrace":null,"DisplayName":"Execute_CallsExitMethod","Messages":[],"ComputerName":"DESKTOP-RLVE3IB","Duration":"00:00:00.0047240","StartTime":"2023-09-07T08:04:53.9917115+00:00","EndTime":"2023-09-07T08:04:53.9964351+00:00","Properties":[{"Key":{"Id":"NUnit.Seed","Label":"Seed","Category":"","Description":"","Attributes":0,"ValueType":"System.String"},"Value":"45677037"}]},{"TestCase":{"Id":"3bab395d-af1c-a558-a5a1-bc64ba1cadee","FullyQualifiedName":"TestShoppingCart.TestCommand.TestAppCommand.TestExitCommand.GetHelp_ReturnsHelpString","DisplayName":"GetHelp_ReturnsHelpString","ExecutorUri":"executor://NUnit3TestExecutor","Source":"C:\\Users\\user\\Desktop\\ShopCartMultiTreads\\ShopCart2.0\\ShopCart\\TestShoppingCart\\bin\\Debug\\net6.0\\fine-code-coverage\\build-output\\TestShoppingCart.dll","CodeFilePath":null,"LineNumber":0,"Properties":[{"Key":{"Id":"NUnit.Seed","Label":"Seed","Category":"","Description":"","Attributes":0,"ValueType":"System.String"},"Value":"353054038"}]},"Attachments":[],"Outcome":1,"ErrorMessage":null,"ErrorStackTrace":null,"DisplayName":"GetHelp_ReturnsHelpString","Messages":[],"ComputerName":"DESKTOP-RLVE3IB","Duration":"00:00:00.0033750","StartTime":"2023-09-07T08:04:53.9964739+00:00","EndTime":"2023-09-07T08:04:53.9998484+00:00","Properties":[{"Key":{"Id":"NUnit.Seed","Label":"Seed","Category":"","Description":"","Attributes":0,"ValueType":"System.String"},"Value":"353054038"}]},{"TestCase":{"Id":"bb5fdc3f-c52f-527f-a94e-abe75fdf1368","FullyQualifiedName":"TestShoppingCart.TestCommand.TestAppCommand.TestExitCommand.GetName_ReturnsCommandName","DisplayName":"GetName_ReturnsCommandName","ExecutorUri":"executor://NUnit3TestExecutor","Source":"C:\\Users\\user\\Desktop\\ShopCartMultiTreads\\ShopCart2.0\\ShopCart\\TestShoppingCart\\bin\\Debug\\net6.0\\fine-code-coverage\\build-output\\TestShoppingCart.dll","CodeFilePath":null,"LineNumber":0,"Properties":[{"Key":{"Id":"NUnit.Seed","Label":"Seed","Category":"","Description":"","Attributes":0,"ValueType":"System.String"},"Value":"2094945860"}]},"Attachments":[],"Outcome":1,"ErrorMessage":null,"ErrorStackTrace":null,"DisplayName":"GetName_ReturnsCommandName","Messages":[],"ComputerName":"DESKTOP-RLVE3IB","Duration":"00:00:00.0001930","StartTime":"2023-09-07T08:04:53.9998712+00:00","EndTime":"2023-09-07T08:04:54.0000639+00:00","Properties":[{"Key":{"Id":"NUnit.Seed","Label":"Seed","Category":"","Description":"","Attributes":0,"ValueType":"System.String"},"Value":"2094945860"}]},{"TestCase":{"Id":"adc0f894-bdab-d63e-f8ce-051cb3beed14","FullyQualifiedName":"TestShoppingCart.TestCommand.TestAppCommand.TestExitCommand.Mess_ReturnsMessage","DisplayName":"Mess_ReturnsMessage","ExecutorUri":"executor://NUnit3TestExecutor","Source":"C:\\Users\\user\\Desktop\\ShopCartMultiTreads\\ShopCart2.0\\ShopCart\\TestShoppingCart\\bin\\Debug\\net6.0\\fine-code-coverage\\build-output\\TestShoppingCart.dll","CodeFilePath":null,"LineNumber":0,"Properties":[{"Key":{"Id":"NUnit.Seed","Label":"Seed","Category":"","Description":"","Attributes":0,"ValueType":"System.String"},"Value":"473326811"}]},"Attachments":[],"Outcome":1,"ErrorMessage":null,"ErrorStackTrace":null,"DisplayName":"Mess_ReturnsMessage","Messages":[],"ComputerName":"DESKTOP-RLVE3IB","Duration":"00:00:00.0002130","StartTime":"2023-09-07T08:04:54.0000759+00:00","EndTime":"2023-09-07T08:04:54.0002889+00:00","Properties":[{"Key":{"Id":"NUnit.Seed","Label":"Seed","Category":"","Description":"","Attributes":0,"ValueType":"System.String"},"Value":"473326811"}]},{"TestCase":{"Id":"e7cab7e3-4dd1-6514-9e97-f4daa4929eea","FullyQualifiedName":"TestShoppingCart.TestCommand.TestAppCommand.TestLoginCommand.GetHelp_ReturnsHelpString","DisplayName":"GetHelp_ReturnsHelpString","ExecutorUri":"executor://NUnit3TestExecutor","Source":"C:\\Users\\user\\Desktop\\ShopCartMultiTreads\\ShopCart2.0\\ShopCart\\TestShoppingCart\\bin\\Debug\\net6.0\\fine-code-coverage\\build-output\\TestShoppingCart.dll","CodeFilePath":null,"LineNumber":0,"Properties":[{"Key":{"Id":"NUnit.Seed","Label":"Seed","Category":"","Description":"","Attributes":0,"ValueType":"System.String"},"Value":"1016117046"}]},"Attachments":[],"Outcome":1,"ErrorMessage":null,"ErrorStackTrace":null,"DisplayName":"GetHelp_ReturnsHelpString","Messages":[],"ComputerName":"DESKTOP-RLVE3IB","Duration":"00:00:00.0002000","StartTime":"2023-09-07T08:04:54.0004028+00:00","EndTime":"2023-09-07T08:04:54.0006025+00:00","Properties":[{"Key":{"Id":"NUnit.Seed","Label":"Seed","Category":"","Description":"","Attributes":0,"ValueType":"System.String"},"Value":"1016117046"}]},{"TestCase":{"Id":"41733dfc-763c-89b7-1e66-a96addec4514","FullyQualifiedName":"TestShoppingCart.TestCommand.TestAppCommand.TestLoginCommand.GetName_ReturnsCommandName","DisplayName":"GetName_ReturnsCommandName","ExecutorUri":"executor://NUnit3TestExecutor","Source":"C:\\Users\\user\\Desktop\\ShopCartMultiTreads\\ShopCart2.0\\ShopCart\\TestShoppingCart\\bin\\Debug\\net6.0\\fine-code-coverage\\build-output\\TestShoppingCart.dll","CodeFilePath":null,"LineNumber":0,"Properties":[{"Key":{"Id":"NUnit.Seed","Label":"Seed","Category":"","Description":"","Attributes":0,"ValueType":"System.String"},"Value":"1908758577"}]},"Attachments":[],"Outcome":1,"ErrorMessage":null,"ErrorStackTrace":null,"DisplayName":"GetName_ReturnsCommandName","Messages":[],"ComputerName":"DESKTOP-RLVE3IB","Duration":"00:00:00.0001580","StartTime":"2023-09-07T08:04:54.0006129+00:00","EndTime":"2023-09-07T08:04:54.0007705+00:00","Properties":[{"Key":{"Id":"NUnit.Seed","Label":"Seed","Category":"","Description":"","Attributes":0,"ValueType":"System.String"},"Value":"1908758577"}]},{"TestCase":{"Id":"58393f39-b8d2-11b9-6b8d-63502e205e65","FullyQualifiedName":"TestShoppingCart.TestCommand.TestAppCommand.TestLoginCommand.Mess_ReturnsMessage","DisplayName":"Mess_ReturnsMessage","ExecutorUri":"executor://NUnit3TestExecutor","Source":"C:\\Users\\user\\Desktop\\ShopCartMultiTreads\\ShopCart2.0\\ShopCart\\TestShoppingCart\\bin\\Debug\\net6.0\\fine-code-coverage\\build-output\\TestShoppingCart.dll","CodeFilePath":null,"LineNumber":0,"Properties":[{"Key":{"Id":"NUnit.Seed","Label":"Seed","Category":"","Description":"","Attributes":0,"ValueType":"System.String"},"Value":"475043775"}]},"Attachments":[],"Outcome":1,"ErrorMessage":null,"ErrorStackTrace":null,"DisplayName":"Mess_ReturnsMessage","Messages":[],"ComputerName":"DESKTOP-RLVE3IB","Duration":"00:00:00.0001630","StartTime":"2023-09-07T08:04:54.0007802+00:00","EndTime":"2023-09-07T08:04:54.0009436+00:00","Properties":[{"Key":{"Id":"NUnit.Seed","Label":"Seed","Category":"","Description":"","Attributes":0,"ValueType":"System.String"},"Value":"475043775"}]},{"TestCase":{"Id":"4cedc8f2-2af1-84c9-3b05-e1767ae7d8fa","FullyQualifiedName":"TestShoppingCart.TestCommand.TestProductCommand.TestAddProduct.Execute_AddsProductToDatabase","DisplayName":"Execute_AddsProductToDatabase","ExecutorUri":"executor://NUnit3TestExecutor","Source":"C:\\Users\\user\\Desktop\\ShopCartMultiTreads\\ShopCart2.0\\ShopCart\\TestShoppingCart\\bin\\Debug\\net6.0\\fine-code-coverage\\build-output\\TestShoppingCart.dll","CodeFilePath":null,"LineNumber":0,"Properties":[{"Key":{"Id":"NUnit.Seed","Label":"Seed","Category":"","Description":"","Attributes":0,"ValueType":"System.String"},"Value":"1033421470"}]},"Attachments":[],"Outcome":1,"ErrorMessage":null,"ErrorStackTrace":null,"DisplayName":"Execute_AddsProductToDatabase","Messages":[],"ComputerName":"DESKTOP-RLVE3IB","Duration":"00:00:00.0037860","StartTime":"2023-09-07T08:04:54.0010485+00:00","EndTime":"2023-09-07T08:04:54.0048345+00:00","Properties":[{"Key":{"Id":"NUnit.Seed","Label":"Seed","Category":"","Description":"","Attributes":0,"ValueType":"System.String"},"Value":"1033421470"}]}],"TestRunStatistics":{"ExecutedTests":9,"Stats":{"Passed":9}},"ActiveTests":[{"Id":"a452acd7-4caa-94cb-888a-0b9d7b8eebdd","FullyQualifiedName":"TestShoppingCart.TestCommand.TestProductCommand.TestAddProduct.GetHelp_ReturnsHelpString","DisplayName":"GetHelp_ReturnsHelpString","ExecutorUri":"executor://NUnit3TestExecutor","Source":"C:\\Users\\user\\Desktop\\ShopCartMultiTreads\\ShopCart2.0\\ShopCart\\TestShoppingCart\\bin\\Debug\\net6.0\\fine-code-coverage\\build-output\\TestShoppingCart.dll","CodeFilePath":null,"LineNumber":0,"Properties":[{"Key":{"Id":"NUnit.Seed","Label":"Seed","Category":"","Description":"","Attributes":0,"ValueType":"System.String"},"Value":"1426585466"}]}]}}
TpTrace Verbose: 0 : 5132, 7, 2023/09/07, 11:04:54.150, 1341871005166, vstest.console.dll, TestRunRequest:SendTestRunStatsChange: Starting.
TpTrace Verbose: 0 : 5132, 7, 2023/09/07, 11:04:54.150, 1341871008640, vstest.console.dll, InProgress is GetHelp_ReturnsHelpString
TpTrace Verbose: 0 : 5132, 7, 2023/09/07, 11:04:54.151, 1341871014392, vstest.console.dll, MulticastDelegateUtilities.SafeInvoke: TestRun.RunStatsChanged: Invoking callbacks was skipped because there are no subscribers.
TpTrace Information: 0 : 5132, 7, 2023/09/07, 11:04:54.151, 1341871015395, vstest.console.dll, TestRunRequest:SendTestRunStatsChange: Completed.
TpTrace Verbose: 0 : 5132, 7, 2023/09/07, 11:04:54.151, 1341871015953, vstest.console.dll, MulticastDelegateUtilities.SafeInvoke: LengthPrefixCommunicationChannel: MessageReceived: Invoking callback 1/1 for Microsoft.VisualStudio.TestPlatform.CommunicationUtilities.TestRequestSender+<>c__DisplayClass34_0., took 37 ms.
TpTrace Verbose: 0 : 5132, 7, 2023/09/07, 11:04:54.151, 1341871016502, vstest.console.dll, TcpClientExtensions.MessageLoopAsync: Polling on remoteEndPoint: 127.0.0.1:57571 localEndPoint: 127.0.0.1:57570
TpTrace Verbose: 0 : 5132, 7, 2023/09/07, 11:04:54.151, 1341871017156, vstest.console.dll, TcpClientExtensions.MessageLoopAsync: NotifyDataAvailable remoteEndPoint: 127.0.0.1:57571 localEndPoint: 127.0.0.1:57570
TpTrace Verbose: 0 : 5132, 7, 2023/09/07, 11:04:54.151, 1341871018181, vstest.console.dll, TestRequestSender.OnExecutionMessageReceived: Received message: {"Version":7,"MessageType":"TestSession.Message","Payload":{"MessageLevel":1,"Message":"Product is not found.\r\nProduct is not found.\r\n"}}
TpTrace Verbose: 0 : 5132, 7, 2023/09/07, 11:04:54.151, 1341871019630, vstest.console.dll, TestRunRequest:SendTestRunMessage: Starting.
TpTrace Verbose: 0 : 5132, 7, 2023/09/07, 11:04:54.152, 1341871020517, vstest.console.dll, MulticastDelegateUtilities.SafeInvoke: TestRun.LogMessages: Invoking callback 1/1 for Microsoft.VisualStudio.TestPlatform.CommandLine.TestRunResultAggregator., took 0 ms.
TpTrace Information: 0 : 5132, 7, 2023/09/07, 11:04:54.152, 1341871021041, vstest.console.dll, TestRunRequest:SendTestRunMessage: Completed.
TpTrace Verbose: 0 : 5132, 7, 2023/09/07, 11:04:54.152, 1341871022176, vstest.console.dll, MulticastDelegateUtilities.SafeInvoke: LengthPrefixCommunicationChannel: MessageReceived: Invoking callback 1/1 for Microsoft.VisualStudio.TestPlatform.CommunicationUtilities.TestRequestSender+<>c__DisplayClass34_0., took 0 ms.
TpTrace Verbose: 0 : 5132, 7, 2023/09/07, 11:04:54.152, 1341871022964, vstest.console.dll, TcpClientExtensions.MessageLoopAsync: Polling on remoteEndPoint: 127.0.0.1:57571 localEndPoint: 127.0.0.1:57570
TpTrace Verbose: 0 : 5132, 7, 2023/09/07, 11:04:54.152, 1341871023619, vstest.console.dll, TcpClientExtensions.MessageLoopAsync: NotifyDataAvailable remoteEndPoint: 127.0.0.1:57571 localEndPoint: 127.0.0.1:57570
TpTrace Verbose: 0 : 5132, 7, 2023/09/07, 11:04:54.152, 1341871026403, vstest.console.dll, TestRequestSender.OnExecutionMessageReceived: Received message: {"Version":7,"MessageType":"TestExecution.StatsChange","Payload":{"NewTestResults":[{"TestCase":{"Id":"a452acd7-4caa-94cb-888a-0b9d7b8eebdd","FullyQualifiedName":"TestShoppingCart.TestCommand.TestProductCommand.TestAddProduct.GetHelp_ReturnsHelpString","DisplayName":"GetHelp_ReturnsHelpString","ExecutorUri":"executor://NUnit3TestExecutor","Source":"C:\\Users\\user\\Desktop\\ShopCartMultiTreads\\ShopCart2.0\\ShopCart\\TestShoppingCart\\bin\\Debug\\net6.0\\fine-code-coverage\\build-output\\TestShoppingCart.dll","CodeFilePath":null,"LineNumber":0,"Properties":[{"Key":{"Id":"NUnit.Seed","Label":"Seed","Category":"","Description":"","Attributes":0,"ValueType":"System.String"},"Value":"1426585466"}]},"Attachments":[],"Outcome":1,"ErrorMessage":null,"ErrorStackTrace":null,"DisplayName":"GetHelp_ReturnsHelpString","Messages":[],"ComputerName":"DESKTOP-RLVE3IB","Duration":"00:00:00.0002300","StartTime":"2023-09-07T08:04:54.0048588+00:00","EndTime":"2023-09-07T08:04:54.0050883+00:00","Properties":[{"Key":{"Id":"NUnit.Seed","Label":"Seed","Category":"","Description":"","Attributes":0,"ValueType":"System.String"},"Value":"1426585466"}]},{"TestCase":{"Id":"e41ac714-d1ab-4762-ce37-5f87f51e3609","FullyQualifiedName":"TestShoppingCart.TestCommand.TestProductCommand.TestAddProduct.GetHelp_ReturnsHelpStringRemove","DisplayName":"GetHelp_ReturnsHelpStringRemove","ExecutorUri":"executor://NUnit3TestExecutor","Source":"C:\\Users\\user\\Desktop\\ShopCartMultiTreads\\ShopCart2.0\\ShopCart\\TestShoppingCart\\bin\\Debug\\net6.0\\fine-code-coverage\\build-output\\TestShoppingCart.dll","CodeFilePath":null,"LineNumber":0,"Properties":[{"Key":{"Id":"NUnit.Seed","Label":"Seed","Category":"","Description":"","Attributes":0,"ValueType":"System.String"},"Value":"316031838"}]},"Attachments":[],"Outcome":1,"ErrorMessage":null,"ErrorStackTrace":null,"DisplayName":"GetHelp_ReturnsHelpStringRemove","Messages":[],"ComputerName":"DESKTOP-RLVE3IB","Duration":"00:00:00.0001810","StartTime":"2023-09-07T08:04:54.0051018+00:00","EndTime":"2023-09-07T08:04:54.0052824+00:00","Properties":[{"Key":{"Id":"NUnit.Seed","Label":"Seed","Category":"","Description":"","Attributes":0,"ValueType":"System.String"},"Value":"316031838"}]},{"TestCase":{"Id":"d14c233b-38f5-d55f-c3ec-c408e20bb1a4","FullyQualifiedName":"TestShoppingCart.TestCommand.TestProductCommand.TestAddProduct.GetName_ReturnsCommandName","DisplayName":"GetName_ReturnsCommandName","ExecutorUri":"executor://NUnit3TestExecutor","Source":"C:\\Users\\user\\Desktop\\ShopCartMultiTreads\\ShopCart2.0\\ShopCart\\TestShoppingCart\\bin\\Debug\\net6.0\\fine-code-coverage\\build-output\\TestShoppingCart.dll","CodeFilePath":null,"LineNumber":0,"Properties":[{"Key":{"Id":"NUnit.Seed","Label":"Seed","Category":"","Description":"","Attributes":0,"ValueType":"System.String"},"Value":"166713933"}]},"Attachments":[],"Outcome":1,"ErrorMessage":null,"ErrorStackTrace":null,"DisplayName":"GetName_ReturnsCommandName","Messages":[],"ComputerName":"DESKTOP-RLVE3IB","Duration":"00:00:00.0001560","StartTime":"2023-09-07T08:04:54.0052979+00:00","EndTime":"2023-09-07T08:04:54.0054535+00:00","Properties":[{"Key":{"Id":"NUnit.Seed","Label":"Seed","Category":"","Description":"","Attributes":0,"ValueType":"System.String"},"Value":"166713933"}]},{"TestCase":{"Id":"990a3278-b4a7-7aa1-86be-895b339a3a44","FullyQualifiedName":"TestShoppingCart.TestCommand.TestProductCommand.TestAddProduct.GetName_ReturnsCommandNameRemove","DisplayName":"GetName_ReturnsCommandNameRemove","ExecutorUri":"executor://NUnit3TestExecutor","Source":"C:\\Users\\user\\Desktop\\ShopCartMultiTreads\\ShopCart2.0\\ShopCart\\TestShoppingCart\\bin\\Debug\\net6.0\\fine-code-coverage\\build-output\\TestShoppingCart.dll","CodeFilePath":null,"LineNumber":0,"Properties":[{"Key":{"Id":"NUnit.Seed","Label":"Seed","Category":"","Description":"","Attributes":0,"ValueType":"System.String"},"Value":"54577595"}]},"Attachments":[],"Outcome":1,"ErrorMessage":null,"ErrorStackTrace":null,"DisplayName":"GetName_ReturnsCommandNameRemove","Messages":[],"ComputerName":"DESKTOP-RLVE3IB","Duration":"00:00:00.0001920","StartTime":"2023-09-07T08:04:54.0054729+00:00","EndTime":"2023-09-07T08:04:54.0056644+00:00","Properties":[{"Key":{"Id":"NUnit.Seed","Label":"Seed","Category":"","Description":"","Attributes":0,"ValueType":"System.String"},"Value":"54577595"}]},{"TestCase":{"Id":"11d832aa-2164-c921-28d4-5348baa371ff","FullyQualifiedName":"TestShoppingCart.TestCommand.TestProductCommand.TestAddProduct.Mess_ReturnsMessage","DisplayName":"Mess_ReturnsMessage","ExecutorUri":"executor://NUnit3TestExecutor","Source":"C:\\Users\\user\\Desktop\\ShopCartMultiTreads\\ShopCart2.0\\ShopCart\\TestShoppingCart\\bin\\Debug\\net6.0\\fine-code-coverage\\build-output\\TestShoppingCart.dll","CodeFilePath":null,"LineNumber":0,"Properties":[{"Key":{"Id":"NUnit.Seed","Label":"Seed","Category":"","Description":"","Attributes":0,"ValueType":"System.String"},"Value":"1928984305"}]},"Attachments":[],"Outcome":1,"ErrorMessage":null,"ErrorStackTrace":null,"DisplayName":"Mess_ReturnsMessage","Messages":[],"ComputerName":"DESKTOP-RLVE3IB","Duration":"00:00:00.0002380","StartTime":"2023-09-07T08:04:54.0057037+00:00","EndTime":"2023-09-07T08:04:54.0059422+00:00","Properties":[{"Key":{"Id":"NUnit.Seed","Label":"Seed","Category":"","Description":"","Attributes":0,"ValueType":"System.String"},"Value":"1928984305"}]},{"TestCase":{"Id":"623ca9e4-1ba7-de6c-6ca9-db424d2e9364","FullyQualifiedName":"TestShoppingCart.TestCommand.TestProductCommand.TestAddProduct.Mess_ReturnsMessageRemove","DisplayName":"Mess_ReturnsMessageRemove","ExecutorUri":"executor://NUnit3TestExecutor","Source":"C:\\Users\\user\\Desktop\\ShopCartMultiTreads\\ShopCart2.0\\ShopCart\\TestShoppingCart\\bin\\Debug\\net6.0\\fine-code-coverage\\build-output\\TestShoppingCart.dll","CodeFilePath":null,"LineNumber":0,"Properties":[{"Key":{"Id":"NUnit.Seed","Label":"Seed","Category":"","Description":"","Attributes":0,"ValueType":"System.String"},"Value":"500778082"}]},"Attachments":[],"Outcome":1,"ErrorMessage":null,"ErrorStackTrace":null,"DisplayName":"Mess_ReturnsMessageRemove","Messages":[],"ComputerName":"DESKTOP-RLVE3IB","Duration":"00:00:00.0001680","StartTime":"2023-09-07T08:04:54.0059529+00:00","EndTime":"2023-09-07T08:04:54.0061209+00:00","Properties":[{"Key":{"Id":"NUnit.Seed","Label":"Seed","Category":"","Description":"","Attributes":0,"ValueType":"System.String"},"Value":"500778082"}]},{"TestCase":{"Id":"e2e47adc-501e-710c-0615-4595e9a226a4","FullyQualifiedName":"TestShoppingCart.TestCommand.TestProductCommand.TestAddProduct.RemoveProductCommand_ExecutesSuccessfully","DisplayName":"RemoveProductCommand_ExecutesSuccessfully","ExecutorUri":"executor://NUnit3TestExecutor","Source":"C:\\Users\\user\\Desktop\\ShopCartMultiTreads\\ShopCart2.0\\ShopCart\\TestShoppingCart\\bin\\Debug\\net6.0\\fine-code-coverage\\build-output\\TestShoppingCart.dll","CodeFilePath":null,"LineNumber":0,"Properties":[{"Key":{"Id":"NUnit.Seed","Label":"Seed","Category":"","Description":"","Attributes":0,"ValueType":"System.String"},"Value":"209366077"}]},"Attachments":[],"Outcome":1,"ErrorMessage":null,"ErrorStackTrace":null,"DisplayName":"RemoveProductCommand_ExecutesSuccessfully","Messages":[{"Category":"StdOutMsgs","Text":"Product is not found.\r\nProduct is not found.\r\n"}],"ComputerName":"DESKTOP-RLVE3IB","Duration":"00:00:00.0010790","StartTime":"2023-09-07T08:04:54.0061309+00:00","EndTime":"2023-09-07T08:04:54.0072096+00:00","Properties":[{"Key":{"Id":"NUnit.Seed","Label":"Seed","Category":"","Description":"","Attributes":0,"ValueType":"System.String"},"Value":"209366077"}]},{"TestCase":{"Id":"508c5668-c59f-ec72-f4dc-68fecf1ba7d1","FullyQualifiedName":"TestShoppingCart.TestCommandParce.Parse_InvalidSyntax_ThrowsException","DisplayName":"Parse_InvalidSyntax_ThrowsException","ExecutorUri":"executor://NUnit3TestExecutor","Source":"C:\\Users\\user\\Desktop\\ShopCartMultiTreads\\ShopCart2.0\\ShopCart\\TestShoppingCart\\bin\\Debug\\net6.0\\fine-code-coverage\\build-output\\TestShoppingCart.dll","CodeFilePath":null,"LineNumber":0,"Properties":[{"Key":{"Id":"NUnit.Seed","Label":"Seed","Category":"","Description":"","Attributes":0,"ValueType":"System.String"},"Value":"1596548247"}]},"Attachments":[],"Outcome":1,"ErrorMessage":null,"ErrorStackTrace":null,"DisplayName":"Parse_InvalidSyntax_ThrowsException","Messages":[],"ComputerName":"DESKTOP-RLVE3IB","Duration":"00:00:00.0051960","StartTime":"2023-09-07T08:04:54.0073996+00:00","EndTime":"2023-09-07T08:04:54.0125955+00:00","Properties":[{"Key":{"Id":"NUnit.Seed","Label":"Seed","Category":"","Description":"","Attributes":0,"ValueType":"System.String"},"Value":"1596548247"}]},{"TestCase":{"Id":"d9187f1a-ed2d-648f-076b-87e532d014a0","FullyQualifiedName":"TestShoppingCart.TestCommandParce.Parse_NoArguments_ReturnsCommandWithoutArguments","DisplayName":"Parse_NoArguments_ReturnsCommandWithoutArguments","ExecutorUri":"executor://NUnit3TestExecutor","Source":"C:\\Users\\user\\Desktop\\ShopCartMultiTreads\\ShopCart2.0\\ShopCart\\TestShoppingCart\\bin\\Debug\\net6.0\\fine-code-coverage\\build-output\\TestShoppingCart.dll","CodeFilePath":null,"LineNumber":0,"Properties":[{"Key":{"Id":"NUnit.Seed","Label":"Seed","Category":"","Description":"","Attributes":0,"ValueType":"System.String"},"Value":"1816221578"}]},"Attachments":[],"Outcome":1,"ErrorMessage":null,"ErrorStackTrace":null,"DisplayName":"Parse_NoArguments_ReturnsCommandWithoutArguments","Messages":[],"ComputerName":"DESKTOP-RLVE3IB","Duration":"00:00:00.0001800","StartTime":"2023-09-07T08:04:54.012648+00:00","EndTime":"2023-09-07T08:04:54.012828+00:00","Properties":[{"Key":{"Id":"NUnit.Seed","Label":"Seed","Category":"","Description":"","Attributes":0,"ValueType":"System.String"},"Value":"1816221578"}]}],"TestRunStatistics":{"ExecutedTests":18,"Stats":{"Passed":18}},"ActiveTests":[{"Id":"2c544f5f-511d-0aac-3b11-b2b3264437a8","FullyQualifiedName":"TestShoppingCart.TestCommandParce.Parse_ValidCommand_ReturnsCommandAndArguments","DisplayName":"Parse_ValidCommand_ReturnsCommandAndArguments","ExecutorUri":"executor://NUnit3TestExecutor","Source":"C:\\Users\\user\\Desktop\\ShopCartMultiTreads\\ShopCart2.0\\ShopCart\\TestShoppingCart\\bin\\Debug\\net6.0\\fine-code-coverage\\build-output\\TestShoppingCart.dll","CodeFilePath":null,"LineNumber":0,"Properties":[{"Key":{"Id":"NUnit.Seed","Label":"Seed","Category":"","Description":"","Attributes":0,"ValueType":"System.String"},"Value":"1745271828"}]}]}}
TpTrace Verbose: 0 : 5132, 4, 2023/09/07, 11:04:54.155, 1341871051239, vstest.console.dll, MulticastDelegateUtilities.SafeInvoke: InternalTestLoggerEvents.SendTestResult: Invoking callback 1/1 for Microsoft.VisualStudio.TestPlatform.CommandLine.Internal.ConsoleLogger., took 3 ms.
TpTrace Verbose: 0 : 5132, 4, 2023/09/07, 11:04:54.155, 1341871057943, vstest.console.dll, MulticastDelegateUtilities.SafeInvoke: InternalTestLoggerEvents.SendTestResult: Invoking callback 1/1 for Microsoft.VisualStudio.TestPlatform.CommandLine.Internal.ConsoleLogger., took 0 ms.
TpTrace Verbose: 0 : 5132, 4, 2023/09/07, 11:04:54.155, 1341871059443, vstest.console.dll, MulticastDelegateUtilities.SafeInvoke: InternalTestLoggerEvents.SendTestResult: Invoking callback 1/1 for Microsoft.VisualStudio.TestPlatform.CommandLine.Internal.ConsoleLogger., took 0 ms.
TpTrace Verbose: 0 : 5132, 7, 2023/09/07, 11:04:54.155, 1341871059874, vstest.console.dll, TestRunRequest:SendTestRunStatsChange: Starting.
TpTrace Verbose: 0 : 5132, 4, 2023/09/07, 11:04:54.156, 1341871060386, vstest.console.dll, MulticastDelegateUtilities.SafeInvoke: InternalTestLoggerEvents.SendTestResult: Invoking callback 1/1 for Microsoft.VisualStudio.TestPlatform.CommandLine.Internal.ConsoleLogger., took 0 ms.
TpTrace Verbose: 0 : 5132, 7, 2023/09/07, 11:04:54.156, 1341871060571, vstest.console.dll, InProgress is Parse_ValidCommand_ReturnsCommandAndArguments
TpTrace Verbose: 0 : 5132, 4, 2023/09/07, 11:04:54.156, 1341871061408, vstest.console.dll, MulticastDelegateUtilities.SafeInvoke: InternalTestLoggerEvents.SendTestResult: Invoking callback 1/1 for Microsoft.VisualStudio.TestPlatform.CommandLine.Internal.ConsoleLogger., took 0 ms.
TpTrace Verbose: 0 : 5132, 4, 2023/09/07, 11:04:54.156, 1341871063229, vstest.console.dll, MulticastDelegateUtilities.SafeInvoke: InternalTestLoggerEvents.SendTestResult: Invoking callback 1/1 for Microsoft.VisualStudio.TestPlatform.CommandLine.Internal.ConsoleLogger., took 0 ms.
TpTrace Verbose: 0 : 5132, 4, 2023/09/07, 11:04:54.156, 1341871064042, vstest.console.dll, MulticastDelegateUtilities.SafeInvoke: InternalTestLoggerEvents.SendTestResult: Invoking callback 1/1 for Microsoft.VisualStudio.TestPlatform.CommandLine.Internal.ConsoleLogger., took 0 ms.
TpTrace Verbose: 0 : 5132, 4, 2023/09/07, 11:04:54.156, 1341871065016, vstest.console.dll, MulticastDelegateUtilities.SafeInvoke: InternalTestLoggerEvents.SendTestResult: Invoking callback 1/1 for Microsoft.VisualStudio.TestPlatform.CommandLine.Internal.ConsoleLogger., took 0 ms.
TpTrace Verbose: 0 : 5132, 4, 2023/09/07, 11:04:54.156, 1341871065877, vstest.console.dll, MulticastDelegateUtilities.SafeInvoke: InternalTestLoggerEvents.SendTestResult: Invoking callback 1/1 for Microsoft.VisualStudio.TestPlatform.CommandLine.Internal.ConsoleLogger., took 0 ms.
TpTrace Verbose: 0 : 5132, 7, 2023/09/07, 11:04:54.156, 1341871066624, vstest.console.dll, MulticastDelegateUtilities.SafeInvoke: TestRun.RunStatsChanged: Invoking callbacks was skipped because there are no subscribers.
TpTrace Information: 0 : 5132, 7, 2023/09/07, 11:04:54.156, 1341871067309, vstest.console.dll, TestRunRequest:SendTestRunStatsChange: Completed.
TpTrace Verbose: 0 : 5132, 7, 2023/09/07, 11:04:54.156, 1341871067944, vstest.console.dll, MulticastDelegateUtilities.SafeInvoke: LengthPrefixCommunicationChannel: MessageReceived: Invoking callback 1/1 for Microsoft.VisualStudio.TestPlatform.CommunicationUtilities.TestRequestSender+<>c__DisplayClass34_0., took 4 ms.
TpTrace Verbose: 0 : 5132, 7, 2023/09/07, 11:04:54.156, 1341871068479, vstest.console.dll, TcpClientExtensions.MessageLoopAsync: Polling on remoteEndPoint: 127.0.0.1:57571 localEndPoint: 127.0.0.1:57570
TpTrace Verbose: 0 : 5132, 4, 2023/09/07, 11:04:54.156, 1341871068819, vstest.console.dll, MulticastDelegateUtilities.SafeInvoke: InternalTestLoggerEvents.SendTestRunMessage: Invoking callback 1/1 for Microsoft.VisualStudio.TestPlatform.CommandLine.Internal.ConsoleLogger., took 0 ms.
TpTrace Verbose: 0 : 5132, 4, 2023/09/07, 11:04:54.157, 1341871070116, vstest.console.dll, MulticastDelegateUtilities.SafeInvoke: InternalTestLoggerEvents.SendTestResult: Invoking callback 1/1 for Microsoft.VisualStudio.TestPlatform.CommandLine.Internal.ConsoleLogger., took 0 ms.
TpTrace Verbose: 0 : 5132, 4, 2023/09/07, 11:04:54.157, 1341871071716, vstest.console.dll, MulticastDelegateUtilities.SafeInvoke: InternalTestLoggerEvents.SendTestResult: Invoking callback 1/1 for Microsoft.VisualStudio.TestPlatform.CommandLine.Internal.ConsoleLogger., took 0 ms.
TpTrace Verbose: 0 : 5132, 4, 2023/09/07, 11:04:54.157, 1341871072621, vstest.console.dll, MulticastDelegateUtilities.SafeInvoke: InternalTestLoggerEvents.SendTestResult: Invoking callback 1/1 for Microsoft.VisualStudio.TestPlatform.CommandLine.Internal.ConsoleLogger., took 0 ms.
TpTrace Verbose: 0 : 5132, 4, 2023/09/07, 11:04:54.157, 1341871073405, vstest.console.dll, MulticastDelegateUtilities.SafeInvoke: InternalTestLoggerEvents.SendTestResult: Invoking callback 1/1 for Microsoft.VisualStudio.TestPlatform.CommandLine.Internal.ConsoleLogger., took 0 ms.
TpTrace Verbose: 0 : 5132, 4, 2023/09/07, 11:04:54.157, 1341871074108, vstest.console.dll, MulticastDelegateUtilities.SafeInvoke: InternalTestLoggerEvents.SendTestResult: Invoking callback 1/1 for Microsoft.VisualStudio.TestPlatform.CommandLine.Internal.ConsoleLogger., took 0 ms.
TpTrace Verbose: 0 : 5132, 4, 2023/09/07, 11:04:54.157, 1341871074824, vstest.console.dll, MulticastDelegateUtilities.SafeInvoke: InternalTestLoggerEvents.SendTestResult: Invoking callback 1/1 for Microsoft.VisualStudio.TestPlatform.CommandLine.Internal.ConsoleLogger., took 0 ms.
TpTrace Verbose: 0 : 5132, 4, 2023/09/07, 11:04:54.157, 1341871075750, vstest.console.dll, MulticastDelegateUtilities.SafeInvoke: InternalTestLoggerEvents.SendTestResult: Invoking callback 1/1 for Microsoft.VisualStudio.TestPlatform.CommandLine.Internal.ConsoleLogger., took 0 ms.
TpTrace Verbose: 0 : 5132, 4, 2023/09/07, 11:04:54.157, 1341871076534, vstest.console.dll, MulticastDelegateUtilities.SafeInvoke: InternalTestLoggerEvents.SendTestResult: Invoking callback 1/1 for Microsoft.VisualStudio.TestPlatform.CommandLine.Internal.ConsoleLogger., took 0 ms.
TpTrace Verbose: 0 : 5132, 4, 2023/09/07, 11:04:54.157, 1341871077070, vstest.console.dll, MulticastDelegateUtilities.SafeInvoke: InternalTestLoggerEvents.SendTestResult: Invoking callback 1/1 for Microsoft.VisualStudio.TestPlatform.CommandLine.Internal.ConsoleLogger., took 0 ms.
TpTrace Verbose: 0 : 5132, 7, 2023/09/07, 11:04:54.167, 1341871174934, vstest.console.dll, TcpClientExtensions.MessageLoopAsync: NotifyDataAvailable remoteEndPoint: 127.0.0.1:57571 localEndPoint: 127.0.0.1:57570
TpTrace Verbose: 0 : 5132, 7, 2023/09/07, 11:04:54.167, 1341871176434, vstest.console.dll, TestRequestSender.OnExecutionMessageReceived: Received message: {"Version":7,"MessageType":"TestSession.Message","Payload":{"MessageLevel":0,"Message":"NUnit Adapter 4.4.0.0: Test execution complete"}}
TpTrace Verbose: 0 : 5132, 7, 2023/09/07, 11:04:54.167, 1341871177790, vstest.console.dll, TestRunRequest:SendTestRunMessage: Starting.
TpTrace Verbose: 0 : 5132, 7, 2023/09/07, 11:04:54.167, 1341871178544, vstest.console.dll, MulticastDelegateUtilities.SafeInvoke: TestRun.LogMessages: Invoking callback 1/1 for Microsoft.VisualStudio.TestPlatform.CommandLine.TestRunResultAggregator., took 0 ms.
TpTrace Verbose: 0 : 5132, 4, 2023/09/07, 11:04:54.167, 1341871178688, vstest.console.dll, MulticastDelegateUtilities.SafeInvoke: InternalTestLoggerEvents.SendTestRunMessage: Invoking callback 1/1 for Microsoft.VisualStudio.TestPlatform.CommandLine.Internal.ConsoleLogger., took 0 ms.
TpTrace Information: 0 : 5132, 7, 2023/09/07, 11:04:54.167, 1341871179290, vstest.console.dll, TestRunRequest:SendTestRunMessage: Completed.
TpTrace Verbose: 0 : 5132, 7, 2023/09/07, 11:04:54.168, 1341871180736, vstest.console.dll, MulticastDelegateUtilities.SafeInvoke: LengthPrefixCommunicationChannel: MessageReceived: Invoking callback 1/1 for Microsoft.VisualStudio.TestPlatform.CommunicationUtilities.TestRequestSender+<>c__DisplayClass34_0., took 0 ms.
TpTrace Verbose: 0 : 5132, 7, 2023/09/07, 11:04:54.168, 1341871181307, vstest.console.dll, TcpClientExtensions.MessageLoopAsync: Polling on remoteEndPoint: 127.0.0.1:57571 localEndPoint: 127.0.0.1:57570
TpTrace Verbose: 0 : 5132, 7, 2023/09/07, 11:04:54.185, 1341871350940, vstest.console.dll, TcpClientExtensions.MessageLoopAsync: NotifyDataAvailable remoteEndPoint: 127.0.0.1:57571 localEndPoint: 127.0.0.1:57570
TpTrace Verbose: 0 : 5132, 7, 2023/09/07, 11:04:54.185, 1341871353395, vstest.console.dll, TestRequestSender.OnExecutionMessageReceived: Received message: {"Version":7,"MessageType":"TestExecution.Completed","Payload":{"TestRunCompleteArgs":{"TestRunStatistics":{"ExecutedTests":22,"Stats":{"Passed":22}},"IsCanceled":false,"IsAborted":false,"Error":null,"AttachmentSets":[],"InvokedDataCollectors":[],"ElapsedTimeInRunningTests":"00:00:00.4306082","Metrics":{},"DiscoveredExtensions":{"TestDiscoverers":["NUnit.VisualStudio.TestAdapter.NUnit3TestDiscoverer, NUnit3.TestAdapter, Version=4.4.0.0, Culture=neutral, PublicKeyToken=4cb40d35494691ac"],"TestExecutors":["executor://NUnit3TestExecutor"],"TestExecutors2":[],"TestSettingsProviders":[]}},"LastRunTests":{"NewTestResults":[{"TestCase":{"Id":"2c544f5f-511d-0aac-3b11-b2b3264437a8","FullyQualifiedName":"TestShoppingCart.TestCommandParce.Parse_ValidCommand_ReturnsCommandAndArguments","DisplayName":"Parse_ValidCommand_ReturnsCommandAndArguments","ExecutorUri":"executor://NUnit3TestExecutor","Source":"C:\\Users\\user\\Desktop\\ShopCartMultiTreads\\ShopCart2.0\\ShopCart\\TestShoppingCart\\bin\\Debug\\net6.0\\fine-code-coverage\\build-output\\TestShoppingCart.dll","CodeFilePath":null,"LineNumber":0,"Properties":[{"Key":{"Id":"NUnit.Seed","Label":"Seed","Category":"","Description":"","Attributes":0,"ValueType":"System.String"},"Value":"1745271828"}]},"Attachments":[],"Outcome":1,"ErrorMessage":null,"ErrorStackTrace":null,"DisplayName":"Parse_ValidCommand_ReturnsCommandAndArguments","Messages":[],"ComputerName":"DESKTOP-RLVE3IB","Duration":"00:00:00.0001190","StartTime":"2023-09-07T08:04:54.0128393+00:00","EndTime":"2023-09-07T08:04:54.0129577+00:00","Properties":[{"Key":{"Id":"NUnit.Seed","Label":"Seed","Category":"","Description":"","Attributes":0,"ValueType":"System.String"},"Value":"1745271828"}]},{"TestCase":{"Id":"baf49e93-1e15-0d3c-6499-37ce92ceb2f4","FullyQualifiedName":"TestShoppingCart.TestCommandParce.ParseArguments_InvalidArgumentType_ThrowsException","DisplayName":"ParseArguments_InvalidArgumentType_ThrowsException","ExecutorUri":"executor://NUnit3TestExecutor","Source":"C:\\Users\\user\\Desktop\\ShopCartMultiTreads\\ShopCart2.0\\ShopCart\\TestShoppingCart\\bin\\Debug\\net6.0\\fine-code-coverage\\build-output\\TestShoppingCart.dll","CodeFilePath":null,"LineNumber":0,"Properties":[{"Key":{"Id":"NUnit.Seed","Label":"Seed","Category":"","Description":"","Attributes":0,"ValueType":"System.String"},"Value":"636650316"}]},"Attachments":[],"Outcome":1,"ErrorMessage":null,"ErrorStackTrace":null,"DisplayName":"ParseArguments_InvalidArgumentType_ThrowsException","Messages":[],"ComputerName":"DESKTOP-RLVE3IB","Duration":"00:00:00.0015030","StartTime":"2023-09-07T08:04:54.0129675+00:00","EndTime":"2023-09-07T08:04:54.01447+00:00","Properties":[{"Key":{"Id":"NUnit.Seed","Label":"Seed","Category":"","Description":"","Attributes":0,"ValueType":"System.String"},"Value":"636650316"}]},{"TestCase":{"Id":"04432982-4787-941e-4816-8ba5166befc3","FullyQualifiedName":"TestShoppingCart.TestCommandParce.ParseArguments_InvalidCharactersAfterArgument_ThrowsException","DisplayName":"ParseArguments_InvalidCharactersAfterArgument_ThrowsException","ExecutorUri":"executor://NUnit3TestExecutor","Source":"C:\\Users\\user\\Desktop\\ShopCartMultiTreads\\ShopCart2.0\\ShopCart\\TestShoppingCart\\bin\\Debug\\net6.0\\fine-code-coverage\\build-output\\TestShoppingCart.dll","CodeFilePath":null,"LineNumber":0,"Properties":[{"Key":{"Id":"NUnit.Seed","Label":"Seed","Category":"","Description":"","Attributes":0,"ValueType":"System.String"},"Value":"1927480892"}]},"Attachments":[],"Outcome":1,"ErrorMessage":null,"ErrorStackTrace":null,"DisplayName":"ParseArguments_InvalidCharactersAfterArgument_ThrowsException","Messages":[],"ComputerName":"DESKTOP-RLVE3IB","Duration":"00:00:00.0003379","StartTime":"2023-09-07T08:04:54.0144906+00:00","EndTime":"2023-09-07T08:04:54.014828+00:00","Properties":[{"Key":{"Id":"NUnit.Seed","Label":"Seed","Category":"","Description":"","Attributes":0,"ValueType":"System.String"},"Value":"1927480892"}]},{"TestCase":{"Id":"da557730-9ab4-2d15-6845-41dcb63535f1","FullyQualifiedName":"TestShoppingCart.TestEntity.TestCartItem.ToString_ReturnsCorrectString","DisplayName":"ToString_ReturnsCorrectString","ExecutorUri":"executor://NUnit3TestExecutor","Source":"C:\\Users\\user\\Desktop\\ShopCartMultiTreads\\ShopCart2.0\\ShopCart\\TestShoppingCart\\bin\\Debug\\net6.0\\fine-code-coverage\\build-output\\TestShoppingCart.dll","CodeFilePath":null,"LineNumber":0,"Properties":[{"Key":{"Id":"NUnit.Seed","Label":"Seed","Category":"","Description":"","Attributes":0,"ValueType":"System.String"},"Value":"876373011"}]},"Attachments":[],"Outcome":1,"ErrorMessage":null,"ErrorStackTrace":null,"DisplayName":"ToString_ReturnsCorrectString","Messages":[],"ComputerName":"DESKTOP-RLVE3IB","Duration":"00:00:00.0005599","StartTime":"2023-09-07T08:04:54.0150088+00:00","EndTime":"2023-09-07T08:04:54.0155684+00:00","Properties":[{"Key":{"Id":"NUnit.Seed","Label":"Seed","Category":"","Description":"","Attributes":0,"ValueType":"System.String"},"Value":"876373011"}]}],"TestRunStatistics":{"ExecutedTests":22,"Stats":{"Passed":22}},"ActiveTests":[]},"RunAttachments":[],"ExecutorUris":["executor://nunit3testexecutor/"]}}
TpTrace Verbose: 0 : 5132, 7, 2023/09/07, 11:04:54.191, 1341871418459, vstest.console.dll, TestRequestSender.EndSession: Sending end session.
TpTrace Verbose: 0 : 5132, 7, 2023/09/07, 11:04:54.192, 1341871420654, vstest.console.dll, ProxyOperationManager.Close: waiting for test host to exit for 100 ms
TpTrace Verbose: 0 : 5132, 11, 2023/09/07, 11:04:54.238, 1341871888119, vstest.console.dll, TestHostManagerCallbacks.ctor: Experimental forwarding output is disabled.
TpTrace Warning: 0 : 5132, 11, 2023/09/07, 11:04:54.238, 1341871889599, vstest.console.dll, TestHostManagerCallbacks.ErrorReceivedCallback Test host standard error line: 
TpTrace Verbose: 0 : 5132, 11, 2023/09/07, 11:04:54.247, 1341871979763, vstest.console.dll, TestHostProvider.ExitCallBack: Host exited starting callback.
TpTrace Information: 0 : 5132, 11, 2023/09/07, 11:04:54.248, 1341871983760, vstest.console.dll, TestHostManagerCallbacks.ExitCallBack: Testhost processId: 10600 exited with exitcode: 0 error: ''
TpTrace Verbose: 0 : 5132, 11, 2023/09/07, 11:04:54.248, 1341871984714, vstest.console.dll, DotnetTestHostManager.OnHostExited: invoking OnHostExited callback
TpTrace Verbose: 0 : 5132, 11, 2023/09/07, 11:04:54.248, 1341871985781, vstest.console.dll, CrossPlatEngine.TestHostManagerHostExited: calling on client process exit callback.
TpTrace Information: 0 : 5132, 7, 2023/09/07, 11:04:54.248, 1341871988192, vstest.console.dll, SocketServer.Stop: Stop server endPoint: 127.0.0.1:57570
TpTrace Information: 0 : 5132, 7, 2023/09/07, 11:04:54.249, 1341871990349, vstest.console.dll, SocketServer.Stop: Cancellation requested. Stopping message loop.
TpTrace Information: 0 : 5132, 7, 2023/09/07, 11:04:54.249, 1341871991992, vstest.console.dll, Closing the connection
TpTrace Information: 0 : 5132, 11, 2023/09/07, 11:04:54.249, 1341871993587, vstest.console.dll, TestRequestSender.OnClientProcessExit: Test host process exited. Standard error: 
TpTrace Information: 0 : 5132, 11, 2023/09/07, 11:04:54.249, 1341871995511, vstest.console.dll, SocketServer.Stop: Stop server endPoint: 127.0.0.1:57570
TpTrace Information: 0 : 5132, 11, 2023/09/07, 11:04:54.249, 1341871996099, vstest.console.dll, SocketServer.Stop: Cancellation requested. Stopping message loop.
TpTrace Verbose: 0 : 5132, 11, 2023/09/07, 11:04:54.249, 1341871996809, vstest.console.dll, MulticastDelegateUtilities.SafeInvoke: HostProviderEvents.OnHostExited: Invoking callback 1/1 for Microsoft.VisualStudio.TestPlatform.CrossPlatEngine.Client.ProxyOperationManager., took 1 ms.
TpTrace Verbose: 0 : 5132, 7, 2023/09/07, 11:04:54.250, 1341872000808, vstest.console.dll, ProxyDataCollectionManager.InvokeDataCollectionServiceAction: Starting.
TpTrace Information: 0 : 5132, 7, 2023/09/07, 11:04:54.250, 1341872001550, vstest.console.dll, ProxyDataCollectionManager.AfterTestRunEnd: Get attachment set and invoked data collectors processId: 4628 port: 57567
TpTrace Verbose: 0 : 5132, 7, 2023/09/07, 11:04:54.250, 1341872002310, vstest.console.dll, DataCollectionRequestSender.SendAfterTestRunStartAndGetResult: Send AfterTestRunEnd message with isCancelled: False
TpTrace Verbose: 0 : 5132, 7, 2023/09/07, 11:04:54.264, 1341872145002, vstest.console.dll, DataCollectionRequestSender.SendAfterTestRunStartAndGetResult: Received message: (DataCollection.AfterTestRunEndResult) -> {"MessageType":"DataCollection.AfterTestRunEndResult","Payload":{"AttachmentSets":[],"InvokedDataCollectors":[{"Uri":"datacollector://Microsoft/TestPlatform/Extensions/Blame/v1","FriendlyName":"Blame","AssemblyQualifiedName":"Microsoft.TestPlatform.Extensions.BlameDataCollector.BlameCollector, Microsoft.TestPlatform.Extensions.BlameDataCollector, Version=15.0.0.0, Culture=neutral, PublicKeyToken=b03f5f7f11d50a3a","FilePath":"C:\\Program Files\\dotnet\\sdk\\7.0.400\\Extensions\\Microsoft.TestPlatform.Extensions.BlameDataCollector.dll","HasAttachmentProcessor":false}],"Metrics":{}}}
TpTrace Information: 0 : 5132, 7, 2023/09/07, 11:04:54.274, 1341872240811, vstest.console.dll, ProxyDataCollectionManager.InvokeDataCollectionServiceAction: Completed.
TpTrace Warning: 0 : 5132, 10, 2023/09/07, 11:04:54.285, 1341872355461, vstest.console.dll, DataCollectionLauncher.ErrorReceivedCallback datacollector standard error line: 
TpTrace Information: 0 : 5132, 10, 2023/09/07, 11:04:54.294, 1341872440170, vstest.console.dll, DataCollectionLauncher.ExitCallBack: Data collector exited with exitcode: 0 error: ''
TpTrace Verbose: 0 : 5132, 7, 2023/09/07, 11:04:54.373, 1341873234437, vstest.console.dll, TestRunRequest:SendTestRunStatsChange: Starting.
TpTrace Verbose: 0 : 5132, 7, 2023/09/07, 11:04:54.373, 1341873236483, vstest.console.dll, MulticastDelegateUtilities.SafeInvoke: TestRun.RunStatsChanged: Invoking callbacks was skipped because there are no subscribers.
TpTrace Information: 0 : 5132, 7, 2023/09/07, 11:04:54.373, 1341873236987, vstest.console.dll, TestRunRequest:SendTestRunStatsChange: Completed.
TpTrace Verbose: 0 : 5132, 4, 2023/09/07, 11:04:54.373, 1341873237207, vstest.console.dll, MulticastDelegateUtilities.SafeInvoke: InternalTestLoggerEvents.SendTestResult: Invoking callback 1/1 for Microsoft.VisualStudio.TestPlatform.CommandLine.Internal.ConsoleLogger., took 0 ms.
TpTrace Verbose: 0 : 5132, 4, 2023/09/07, 11:04:54.373, 1341873238914, vstest.console.dll, MulticastDelegateUtilities.SafeInvoke: InternalTestLoggerEvents.SendTestResult: Invoking callback 1/1 for Microsoft.VisualStudio.TestPlatform.CommandLine.Internal.ConsoleLogger., took 0 ms.
TpTrace Verbose: 0 : 5132, 7, 2023/09/07, 11:04:54.374, 1341873247608, vstest.console.dll, ParallelProxyExecutionManager: HandlePartialRunComplete: Total completed clients = 1, Run complete = True, Run canceled: False.
TpTrace Verbose: 0 : 5132, 4, 2023/09/07, 11:04:54.375, 1341873252805, vstest.console.dll, MulticastDelegateUtilities.SafeInvoke: InternalTestLoggerEvents.SendTestResult: Invoking callback 1/1 for Microsoft.VisualStudio.TestPlatform.CommandLine.Internal.ConsoleLogger., took 1 ms.
TpTrace Verbose: 0 : 5132, 4, 2023/09/07, 11:04:54.375, 1341873254138, vstest.console.dll, MulticastDelegateUtilities.SafeInvoke: InternalTestLoggerEvents.SendTestResult: Invoking callback 1/1 for Microsoft.VisualStudio.TestPlatform.CommandLine.Internal.ConsoleLogger., took 0 ms.
TpTrace Verbose: 0 : 5132, 4, 2023/09/07, 11:04:54.389, 1341873393510, vstest.console.dll, MulticastDelegateUtilities.SafeInvoke: InternalTestLoggerEvents.SendTestRunComplete: Invoking callback 1/2 for Microsoft.TestPlatform.Extensions.BlameDataCollector.BlameLogger., took 0 ms.
TpTrace Verbose: 0 : 5132, 4, 2023/09/07, 11:04:54.398, 1341873481732, vstest.console.dll, MulticastDelegateUtilities.SafeInvoke: InternalTestLoggerEvents.SendTestRunComplete: Invoking callback 2/2 for Microsoft.VisualStudio.TestPlatform.CommandLine.Internal.ConsoleLogger., took 8 ms.
TpTrace Verbose: 0 : 5132, 7, 2023/09/07, 11:04:54.398, 1341873485626, vstest.console.dll, TestRunRequest:TestRunComplete: Starting. IsAborted:False IsCanceled:False.
TpTrace Verbose: 0 : 5132, 7, 2023/09/07, 11:04:54.408, 1341873586089, vstest.console.dll, TestLoggerManager.HandleTestRunComplete: Ignoring as the object is disposed.
TpTrace Verbose: 0 : 5132, 7, 2023/09/07, 11:04:54.409, 1341873589981, vstest.console.dll, MulticastDelegateUtilities.SafeInvoke: TestRun.TestRunComplete: Invoking callback 1/2 for Microsoft.VisualStudio.TestPlatform.CommandLine.TestRunResultAggregator., took 0 ms.
TpTrace Verbose: 0 : 5132, 7, 2023/09/07, 11:04:54.409, 1341873592226, vstest.console.dll, MulticastDelegateUtilities.SafeInvoke: TestRun.TestRunComplete: Invoking callback 2/2 for Microsoft.VisualStudio.TestPlatform.CommandLine.Processors.RunTestsArgumentExecutor+TestRunRequestEventsRegistrar., took 0 ms.
TpTrace Information: 0 : 5132, 7, 2023/09/07, 11:04:54.409, 1341873594115, vstest.console.dll, TestRunRequest:TestRunComplete: Completed.
TpTrace Verbose: 0 : 5132, 1, 2023/09/07, 11:04:54.409, 1341873594340, vstest.console.dll, TestRunRequest.Dispose: Starting.
TpTrace Verbose: 0 : 5132, 7, 2023/09/07, 11:04:54.409, 1341873595216, vstest.console.dll, TestRequestSender.SetOperationComplete: Setting operation complete.
TpTrace Information: 0 : 5132, 1, 2023/09/07, 11:04:54.409, 1341873595263, vstest.console.dll, TestRunRequest.Dispose: Completed.
TpTrace Information: 0 : 5132, 7, 2023/09/07, 11:04:54.409, 1341873595682, vstest.console.dll, SocketServer.Stop: Stop server endPoint: 127.0.0.1:57570
TpTrace Information: 0 : 5132, 1, 2023/09/07, 11:04:54.409, 1341873596256, vstest.console.dll, TestRequestManager.RunTests: run tests completed.
TpTrace Information: 0 : 5132, 7, 2023/09/07, 11:04:54.409, 1341873596821, vstest.console.dll, SocketServer.Stop: Cancellation requested. Stopping message loop.
TpTrace Verbose: 0 : 5132, 7, 2023/09/07, 11:04:54.409, 1341873597499, vstest.console.dll, MulticastDelegateUtilities.SafeInvoke: LengthPrefixCommunicationChannel: MessageReceived: Invoking callback 1/1 for Microsoft.VisualStudio.TestPlatform.CommunicationUtilities.TestRequestSender+<>c__DisplayClass34_0., took 224 ms.
TpTrace Information: 0 : 5132, 7, 2023/09/07, 11:04:54.409, 1341873597941, vstest.console.dll, SocketServer.PrivateStop: Stopping server endPoint: 127.0.0.1:57570 error: 
TpTrace Information: 0 : 5132, 1, 2023/09/07, 11:04:54.409, 1341873598281, vstest.console.dll, RunTestsArgumentProcessor:Execute: Test run is completed.
TpTrace Verbose: 0 : 5132, 1, 2023/09/07, 11:04:54.410, 1341873600221, vstest.console.dll, Executor.Execute: Exiting with exit code of 0
TpTrace Verbose: 0 : 5132, 7, 2023/09/07, 11:04:54.410, 1341873602289, vstest.console.dll, LengthPrefixCommunicationChannel.Dispose: Dispose reader and writer.
TpTrace Information: 0 : 5132, 7, 2023/09/07, 11:04:54.410, 1341873603459, vstest.console.dll, SocketServer.Stop: Raise disconnected event endPoint: 127.0.0.1:57570 error: 
TpTrace Verbose: 0 : 5132, 7, 2023/09/07, 11:04:54.410, 1341873605411, vstest.console.dll, TestRequestSender: OnTestRunAbort: Operation is already complete. Skip error message.
TpTrace Verbose: 0 : 5132, 7, 2023/09/07, 11:04:54.410, 1341873605960, vstest.console.dll, MulticastDelegateUtilities.SafeInvoke: SocketServer: ClientDisconnected: Invoking callback 1/1 for Microsoft.VisualStudio.TestPlatform.CommunicationUtilities.TestRequestSender., took 0 ms.
TpTrace Verbose: 0 : 5132, 7, 2023/09/07, 11:04:54.410, 1341873606298, vstest.console.dll, TcpClientExtensions.MessageLoopAsync: exiting MessageLoopAsync remoteEndPoint: 127.0.0.1:57571 localEndPoint: 127.0.0.1:57570
